6 208 50 102 25 192 153
6 233 57 128 5 176 143
6 206 200 241 93 250 183
7 256 261 230 158 1 211 293
6 30 227 244 258 62 297
7 228 72 237 147 238 274 92
5 154 74 111 283 292
7 59 63 29 254 152 247 46
6 266 4 58 10 145 20
5 78 203 160 42 51
6 196 285 91 22 55 142
6 265 133 28 268 118 288
7 112 213 3 170 71 151 219
7 98 276 95 23 124 24 67
6 201 246 144 197 141 132
6 101 159 21 202 235 123
7 177 34 80 48 14 97 251
6 61 65 125 13 155 122
6 163 18 218 54 31 189
7 209 167 39 157 114 173 109
6 82 164 129 191 64 199
5 121 225 267 117 284
7 146 259 60 40 106 69 232
8 214 162 105 89 223 240 49 100
7 281 27 168 26 44 215 161
6 174 103 140 236 119 84
7 224 184 108 242 16 248 193
6 156 87 188 56 90 120
6 273 88 282 73 83 94
7 290 41 96 6 138 279 178
7 15 212 99 210 190 104 47
6 136 249 187 253 287 262
6 127 275 226 207 8 126
6 260 11 134 277 76 181
7 294 36 245 295 139 272 229
7 148 180 263 239 298 182 77
6 75 116 7 217 131 255
8 296 179 137 38 166 257 278 252
7 85 216 79 271 12 171 130
7 0 33 68 204 205 280 169
0
0
0
0
0
0
0
0
0
0
0
0
0
0
0
0
0
0
0
0
0
0
0
0
0
0
0
0
0
0
0
0
0
0
0
0
0
0
0
0
0
0
0
0
0
0
0
0
0
0
0
0
0
0
0
0
0
0
0
0
0
0
0
0
0
0
0
0
0
0
0
0
0
0
0
0
0
0
0
0
0
0
0
0
0
0
0
0
0
0
0
0
0
0
0
0
0
0
0
0
