30 6485 513 4153 5511 9209 1453 3247 5567 7407 1695 592 5715 2431 985 5805 6827 3081 63 7858 6878 7144 8053 3633 2318 822 401 2767 4695 3975 3097
31 8489 4200 1200 9871 5241 6805 106 3946 6223 5133 9783 517 771 6130 6174 1068 3897 4448 7105 4022 5531 9772 2460 4508 16 3571 5647 8327 8098 557 9117
30 9166 5746 435 2982 7840 1182 294 8296 2835 3959 3340 4092 9185 262 803 5645 8930 5333 7992 4304 3071 4284 4375 6449 9668 5252 4976 2073 2227 8535
6 7864 8203 1986 4141 6584 1880
21 7711 7585 9640 4953 5287 403 4278 1752 6898 9998 4106 1668 3072 9079 8526 4128 605 5 3642 1760 7522
30 3358 8224 2031 2442 9678 7315 6476 138 402 8624 3027 1123 4903 6707 7917 6511 6687 9802 2484 1764 6084 7359 9931 2925 9493 9909 6088 3656 2864 6170
31 2233 5698 2216 1386 8367 2394 6121 2958 1584 3963 501 7403 1140 3413 6801 3337 8905 5111 8117 1347 2855 8364 6046 705 6323 2554 9123 7001 6603 5174 1410
11 2738 6004 6711 6173 9897 1415 584 1197 3765 7006 6527
16 9405 8979 135 3319 2781 7762 3429 1220 4892 4515 692 5172 4218 3234 2545 8330
25 3596 9851 3411 1863 4485 9731 6850 5099 215 2841 9779 2762 2994 8165 9548 80 7031 2860 784 8643 324 1445 834 6097 7432
30 8158 3067 3830 5234 5628 9836 4270 4301 7898 6235 543 732 1761 9877 8525 6758 7155 1578 7200 7765 3934 9145 7859 2564 6496 7618 2492 1180 4606 2755
30 7108 4084 2537 3565 3778 8998 3867 6930 9881 8007 7440 550 2390 1291 8676 9111 7923 3788 1713 7022 1483 9343 1334 9184 4735 436 5446 8106 5179 4592
15 7114 4112 7196 5503 6580 867 8542 4937 6306 7142 866 8074 4430 6204 7061
30 7810 4255 4830 5012 8379 7043 6904 6757 2052 7384 7672 5420 9237 7871 9506 5184 2336 2572 6497 3852 6992 4037 5146 9301 3128 3923 7996 3335 5848 1019
19 8484 8892 9926 8940 4986 2355 7275 8815 3997 8534 774 4881 6486 5969 195 7982 5741 4708 9530
30 8029 1778 5732 3583 4862 4400 2867 1896 4628 7262 3948 8958 467 1072 4076 4674 4579 7060 6214 2668 4672 4412 6616 4691 1658 3113 9499 8083 2410 8582
30 817 6304 4080 1102 4007 9035 7316 9837 5967 2089 5005 4093 3968 8387 9870 5336 4051 8900 668 5671 9885 6761 6011 6614 3041 7413 7565 9811 8453 3032
30 1512 8774 718 9018 3760 1846 8413 4594 8511 3501 4942 4075 5167 9933 7377 6812 3809 8966 9096 2001 6355 8499 14 3265 5460 9486 4731 9646 2286 1139
21 1170 3424 4875 4602 6009 2011 249 716 9192 8023 8755 8475 5216 1253 1782 487 124 5078 7979 3206 8000
16 1637 6135 9702 6526 2171 8860 4819 9950 412 4167 7904 9894 9697 5577 855 6960
18 3409 4352 326 5593 645 9062 2220 8237 5372 2444 9219 6116 7521 1976 3448 2772 7590 773
30 7186 2523 1260 3036 2060 6407 2453 3895 857 2909 7363 9498 4136 186 6734 5136 5427 2158 2101 9932 5800 522 3322 7530 900 371 8607 2456 9717 5504
30 3276 9691 1206 7668 5724 5553 189 3752 6515 953 518 8767 9183 5778 4974 6224 2708 1049 3815 9468 4797 8655 1366 1129 8790 2574 4203 2312 8594 9766
30 4536 6786 5757 2181 3082 3482 6962 4498 7381 3776 8974 2595 7454 3551 8143 2873 9598 6894 1971 3183 5784 1161 3964 2490 2593 8216 5977 8580 3887 3458
31 1605 9495 5621 4205 1733 3290 8018 6386 4767 8553 4747 515 4459 6600 4165 8844 6510 6554 1274 781 6976 4766 6477 4261 3533 7350 5652 2221 1718 2818 2813
17 2424 6875 9252 2333 102 9263 8617 6868 959 67 2078 6047 2231 940 8845 5921 3491
30 7455 5510 9382 2056 7448 5405 4355 4031 9226 2670 6810 9571 1065 5080 6429 6572 1214 3563 3301 2111 5454 4670 1739 1427 7603 5536 2376 2677 7731 7937
2 4208 8967
30 7156 7677 2132 6392 3949 2173 6197 9952 365 9231 5083 1042 9739 6308 1011 3481 1851 7893 8065 418 5015 6489 4967 4808 3298 9960 1191 8463 4350 3880
4 6502 6455 4207 3539
29 567 8274 8536 5779 6182 2665 5809 6178 816 6059 1814 6785 7195 1566 5950 1534 2367 8757 2650 5774 8235 1380 5691 8142 8369 7814 6080 1456 437
30 8290 3773 9628 5351 9761 8272 9466 7075 5630 7689 3293 9490 8817 9442 9616 812 3419 5022 9445 7029 4095 7544 9339 8684 7369 6177 4779 1544 8701 5538
30 8302 8426 1326 9620 7682 9604 5452 775 6562 3610 2218 6625 4067 6823 3159 104 8668 6075 7670 6049 7212 1028 5960 2734 5345 8581 1582 794 5547 2276
30 3249 499 839 895 6512 9481 3648 8373 3007 8605 3595 9142 1918 8141 456 7598 7272 4917 2666 6427 1878 367 869 6435 7039 6955 360 1958 1359 3204
10 6529 4575 3717 6575 6814 1250 244 7078 9328 2758
10 1414 7224 2896 3453 9981 876 4776 8026 1176 9287
30 3245 328 1527 3936 7386 2076 969 1016 9584 8741 6138 8745 2956 1857 8283 6802 1621 8720 6690 4576 5765 7204 755 6631 2458 6788 3238 6073 1293 8210
15 1883 8715 7465 9345 1902 5170 2680 2374 5256 5559 1283 1435 8656 6530 7206
30 3540 5500 5626 2352 7912 2652 1302 7727 9474 1255 1842 4547 4365 6608 2678 7844 1370 6787 3132 54 5081 2188 2251 480 2946 5204 3780 6994 9214 2659
30 2603 2293 8338 7380 5375 8555 6297 5481 5087 624 8268 8906 9978 9080 528 9386 3360 2267 3096 362 1085 4447 9942 8223 6096 5735 8391 8372 2322 9304
7 5971 9087 601 8791 1281 7344 9377
31 7435 5856 3875 5620 9127 8652 3364 272 1791 7594 2596 3447 5168 4963 1351 9629 2971 179 1829 3363 9839 9417 2747 2094 7606 8260 12 430 1254 8527 4243
30 1194 3459 199 1272 9158 3227 9019 2043 6677 8926 8431 5032 9967 2834 6289 8875 5840 3144 2890 4671 1737 33 8423 5316 3971 1599 2847 1454 759 8740
6 6656 8277 2973 381 4749 4027
13 7064 4170 4980 4411 4541 7309 1458 8160 1709 8661 5694 9163 2939
31 3546 7117 6012 849 9617 4958 9408 3751 3432 2 7394 9418 3856 2567 6469 1298 8297 7378 6972 6835 9125 8759 182 7946 4134 3035 6212 9259 5408 5225 6467
30 1838 9768 3462 2934 9273 252 9505 6727 6114 2479 134 6513 4632 997 3926 7500 3582 917 1397 5438 4757 879 6300 7681 4189 5653 7702 2423 9753 9532
31 3049 1489 7666 5668 9537 2288 1859 8339 5635 5039 8344 4746 6733 184 6332 4210 2012 6229 2022 9124 5236 5127 4132 5895 1680 1195 5294 1087 5449 4268 9536
31 9733 166 7097 830 5799 6893 524 599 8125 9479 3339 4044 4810 7265 4419 4191 3001 7322 6328 1442 8712 9373 5075 2435 4861 5362 2253 3134 3069 4374 4622
30 6189 2711 9045 4940 6537 2360 4838 4564 808 1071 3925 5313 6540 7531 7619 8623 2590 5468 6626 6010 9149 8240 6448 3978 3576 1403 579 2280 398 3120
14 7140 3160 615 1729 1587 6698 9027 833 3673 2402 5004 357 9092 2430
30 5027 1852 565 6703 3117 8493 7169 2565 8630 2417 5073 5389 5052 6565 4322 2646 6299 5152 1333 5703 6760 1225 5641 8100 913 1473 7069 3712 5293 5436
21 3918 3329 7086 2577 1215 2044 514 4677 7754 8963 3463 4682 2159 539 2462 2615 7973 3711 2569 1659 4557
30 9046 7347 1640 1797 751 2661 7445 1299 3271 9006 7077 8437 8129 9748 3233 745 1632 6759 4727 5912 6781 8333 5469 4743 3681 937 1052 6433 8552 616
13 8783 6159 6473 3615 2831 560 1521 118 1679 9361 6495 6423 1000
30 394 2143 5699 6498 4639 5679 8827 485 1568 3556 2400 1130 5233 2398 8317 6090 7855 6162 7139 8537 5142 7878 5683 486 7136 2211 6569 3229 9635 1039
30 6912 6155 6338 2570 92 91 3165 193 2468 4329 7566 4440 433 9447 9594 7280 2282 6351 3769 3089 7225 8880 3932 7349 1060 9210 9711 6258 8490 6613
30 8587 1421 6128 3783 6967 3393 286 2065 2557 3547 3323 4489 3763 7321 9194 8201 8469 6557 1243 426 860 8114 7836 746 3715 4918 1377 587 327 4292
30 1724 7357 7255 3680 8785 1537 4834 3133 7366 3127 9043 4660 3212 877 5738 6561 8354 3823 5319 337 6586 5897 4860 3872 5011 2502 8380 8865 8396 8331
31 8189 661 4502 2245 3802 8597 7150 5219 6181 4012 6824 4312 3796 2084 1666 3374 8196 291 5363 8744 663 7261 712 49 3260 6782 5047 3718 5334 5629 7173
16 5218 9595 448 9042 4880 8938 9151 2025 7569 4916 4055 7094 1818 1572 4529 8596
11 1113 5060 6265 9071 8504 81 5031 8316 4062 4086 492
26 7687 945 9874 6771 2852 3315 9101 1117 6684 7205 9884 1471 2684 9348 1485 7160 7258 5945 7264 8558 8466 7257 8036 6343 763 2669
30 6662 1251 5535 5917 2653 1346 1110 9264 9754 1411 8004 8470 8993 214 9233 9945 2285 3526 8231 3303 8794 9891 4466 1398 7953 8089 1669 4883 8898 5697
30 1227 1635 1233 4376 7535 3904 1595 7234 463 5041 8136 3139 863 5705 5506 7032 6704 7925 6837 1895 3094 1379 6828 2815 5926 8282 6384 9317 9545 5720
26 2313 2784 5285 4291 8615 1256 3646 6582 1960 8229 7842 3416 1314 9862 5979 8280 2351 2918 7868 3831 9197 5338 4504 1336 8398 89
30 7088 2520 9830 7434 5267 2128 8038 4714 3862 7610 1416 3753 6006 3053 7797 2552 7752 9053 1440 87 7426 7059 4439 3914 1938 2170 2786 6968 3480 2848
30 9820 2963 4686 6764 7209 3439 8058 9238 2548 3216 3977 5911 6396 2197 4739 8887 9565 160 5677 6624 2707 3348 5283 1279 6986 2583 1327 6465 1536 3386
6 4475 4455 8157 5719 422 8071
31 7716 3026 47 6903 3215 7010 886 8028 6883 6953 7148 1772 1953 3130 5639 6628 5255 2331 2387 4436 2824 8818 6074 4934 3028 5753 9189 431 2862 1510 4538
30 5402 3176 4863 1685 7916 3530 1523 7564 2846 2938 8692 6712 8591 4970 996 6225 4740 2303 1270 4991 323 236 2379 7343 5224 901 1581 6284 2019 9517
14 2589 1100 4011 7034 9429 4371 4944 3798 3570 8988 4533 2710 6679 7773
20 7849 4437 1655 2787 6274 7558 459 5062 4787 235 2151 1988 7635 8361 1671 2350 6637 8181 1089 7655
30 3647 2915 3991 8093 5601 5838 3434 6319 1715 5486 4562 8748 6833 4468 1551 1119 347 4201 4837 7596 8124 2223 4726 4633 251 131 1699 8363 3218 2055
30 5858 1530 7867 4028 2119 1441 2924 5451 6885 9001 7972 8775 7340 4000 9431 5590 3519 5109 9253 8483 2120 6592 2726 2114 7412 4785 1015 8654 6931 6819
31 7709 3029 6409 8192 7785 2527 7037 2989 7726 1012 3672 78 7944 3242 5681 5186 7238 1711 4395 9279 358 1242 9660 1173 5269 7863 455 8897 8044 5953 1929
30 8787 8073 3512 2639 8353 2797 6237 2174 6120 2621 6312 7298 6069 2950 6813 6490 9853 8896 7550 6095 9525 3240 2744 7044 3002 6950 1633 1972 3535 8862
30 8213 3849 498 1755 8973 1181 9132 4907 2246 5768 724 8576 8881 5877 6249 1163 752 5330 6611 9404 2692 2529 3143 6826 810 1295 4778 2172 2090 3402
31 696 6377 2518 4396 4652 9265 3155 6268 1692 1844 6444 1513 1516 2039 3521 8936 8885 6935 551 8230 5989 9580 68 4413 8130 6148 3529 3543 9560 4319 8850
5 477 5332 1904 1601 7110
30 1407 5112 5282 6316 986 896 7907 2467 576 5670 7560 5191 6298 7853 6149 8402 6869 287 9750 6766 6792 9465 8899 307 6598 602 535 4568 4277 2544
30 4877 1090 6420 3594 5453 7730 8800 3146 6921 2829 683 2139 3266 6142 6697 3878 5181 8771 8041 446 8625 8269 2629 5129 1077 6287 6943 1602 7824 3588
30 7188 6752 5507 8681 5830 8228 2515 4871 8239 3846 2546 2851 4567 5478 7723 8776 334 1919 3956 5612 9414 8723 4676 5337 4083 7008 6973 1892 1931 8171
31 6843 5744 9487 4245 3993 2706 2270 462 5725 6203 3847 366 3406 1078 363 3525 5035 27 1821 8677 7181 3899 5773 7491 8341 1479 5591 3838 9918 3812 5586
18 3168 2791 655 6454 3366 5622 254 8312 1799 6839 4582 8903 242 9489 7419 3353 9425 4868
2 6913 2736
30 3697 8713 6255 4658 6762 6597 3657 4397 890 3079 5523 1767 694 6205 5689 9153 4389 7771 4381 5884 4609 6929 5831 9676 5429 7722 4052 8211 2656 3562
30 2324 842 9631 2916 8188 7278 5550 7122 7305 1810 8225 2153 1832 8779 3939 370 6215 8394 5680 5275 2929 5354 2096 1645 5439 1683 7496 7289 9558 144
25 8086 2928 6125 4613 7232 4326 636 6793 1348 1656 5470 740 5249 3052 7605 2687 3320 3587 7306 2066 3653 4380 7074 4391 218
26 5343 2426 5541 172 5433 5082 4879 2972 4734 2933 4272 2144 8127 8813 7974 420 6938 5149 9081 5938 1360 3273 8515 4998 258 4604
30 8698 9544 8464 1201 6648 7425 5576 1008 538 3854 9593 122 686 9732 1654 5490 2672 2988 5638 4598 5775 1556 9107 3803 8352 3327 7831 1983 7146 5415
32 9626 6851 3066 2235 2927 5457 6570 7926 698 2125 7587 7125 2768 619 3013 6320 4187 9323 6646 3131 919 7559 5750 6872 5580 8657 2007 5239 818 2586 4662 8377
30 3655 4223 1223 8079 161 5238 1422 516 4832 6722 1756 7507 1154 4874 7720 4234 331 5759 4816 721 9178 7954 8267 8572 8943 9714 5718 6393 2964 1802
1 7227
24 1332 1625 9890 5303 4403 2126 8968 4236 4314 5909 5042 4591 6522 3237 6928 4122 1990 3385 132 2258 3658 1241 8626 9520
30 6900 3384 8410 1873 992 9394 6587 2292 2248 310 3277 9029 4237 3982 3700 7930 2682 3888 2416 3153 2058 7989 5555 2353 3868 3931 301 7311 9700 1705
30 554 3951 1804 507 1686 6719 7693 8244 9167 2184 2345 4997 5565 634 4461 6027 2816 226 6371 1703 932 3020 2725 9154 2302 7964 4149 5494 18 4432
2 8564 9459
32 9187 7319 7446 8682 8529 1443 5751 7940 8620 9734 4060 1027 7024 4359 2242 2003 2733 569 5736 4216 5965 5834 6535 8707 9689 7297 8538 749 447 710 2049 8618
5 1228 2838 1276 9625 2591
17 4873 9503 5025 9743 942 2406 2866 1391 2907 8134 9247 5016 5484 2445 5175 2088 5059
18 3708 5487 2904 7884 6078 9165 8782 1338 2234 7609 2808 5976 1266 3841 6777 5966 7703 8422
30 5881 5721 9586 1430 4990 3451 8687 1330 4211 3597 6292 6863 2990 8107 3331 3736 2047 8392 2487 6852 9599 2625 5657 390 9340 3671 770 7563 910 9172
12 2531 3196 7574 9002 8298 8094 691 1309 6134 4266 8492 8563
22 5222 190 9633 2663 9410 1746 2045 3421 3509 4343 2137 5143 1034 201 6504 6636 3801 954 2826 3996 5231 3861
30 6361 8566 8434 596 5036 1745 8257 8945 355 9838 5880 918 7101 8863 2991 9653 5905 340 8754 765 4931 6408 8685 2865 1452 5311 4267 9614 5592 4145
9 3410 3430 1221 2967 7284 7777 8506 2898 6190
31 6965 315 8309 846 9832 9564 3785 1179 3425 6806 3550 9026 7798 3686 4565 7976 5203 1505 6568 5085 8255 1759 5871 1059 5407 2474 5760 6434 5265 1559 1418
31 4056 9191 3866 1963 3232 9684 6902 7829 7392 2513 2729 5475 4947 9863 4925 185 4526 9188 2124 5325 3243 1122 9875 9434 8096 5141 6093 5758 5819 6997 7441
30 3667 1984 1313 3840 3732 7808 4213 8798 5569 4550 1980 7046 9939 7999 7313 5525 2752 2459 8305 988 6732 8706 2870 5624 6250 7717 3965 5798 5230 465
25 6418 8629 8835 9464 100 8761 2115 5221 2057 4690 7791 4898 6042 9456 5419 4423 339 6691 4933 5200 5197 4814 555 1665 7458
30 2828 7346 4299 6503 6357 3345 9284 6610 6104 3924 714 7757 5925 2016 8015 3018 1155 4118 2674 9582 5588 6954 5560 7959 438 8508 6461 2289 962 2724
14 2429 4648 5120 4520 5135 4607 2969 2054 9823 8027 6728 3392 3473 5071
31 5902 5818 4507 7323 4585 5994 1098 2977 3210 5519 3213 1037 3359 3660 4850 3452 9245 1856 9756 1540 7431 1694 7481 5459 197 9307 3095 2880 3984 3664 3724
30 489 3104 3050 6141 8530 300 9440 4206 3782 6857 4248 5292 8242 8539 1974 8584 2257 2542 1916 2803 7199 4005 8441 5972 756 6693 3741 2138 6 722
30 4066 5654 3073 4115 66 6618 6094 9073 3085 5247 1967 7506 8166 1371 8247 7095 3684 9047 5190 3900 3179 4253 4760 6195 1813 5596 3304 5232 980 9906
30 4098 6924 5887 4973 5263 1721 4327 2612 6238 395 3282 9270 4032 6945 4521 8039 305 2403 9982 4142 191 9443 725 6770 4399 3422 2152 635 8770 7467
21 2507 8376 7430 4029 2751 7642 6737 4117 7045 6642 8916 274 8621 5548 1749 5007 4336 647 2872 8769 835
31 610 1734 168 1503 9610 8642 40 3469 586 2804 9513 1905 4890 1538 2294 905 2162 6432 1616 6166 5961 4287 1144 9013 1467 3224 9196 6840 5058 6748 4124
30 2327 8449 2718 1792 9199 1023 3624 8895 8598 4358 4523 581 8549 8476 7839 703 3342 3704 2284 3209 2131 8568 2491 6153 9771 6057 540 8308 6364 3286
30 6633 9974 1186 1723 3057 169 382 3691 8182 9607 9378 8601 8811 260 4100 3577 2974 2858 7908 5126 6071 7593 5151 5095 7577 3945 9198 2794 6644 638
19 9979 3170 3541 9524 4645 1631 3513 3843 2206 2607 3999 2935 7286 1743 701 8200 94 8052 7482
21 1563 6558 9805 9512 7211 9475 175 1364 9859 6987 5582 9706 1714 1345 4004 1707 451 6660 4954 6551 5886
30 2278 5990 5205 6293 5913 9070 6331 7764 2534 4654 93 9941 1850 361 3844 7760 8907 8679 5392 8977 9745 4922 7338 9777 1663 1751 5659 9818 2243 3478
31 8675 9137 428 6425 6101 7595 7555 3754 7931 4104 6290 3141 8524 8390 5589 6175 7168 813 8388 2328 7589 2146 5644 5814 4041 6317 8726 7899 8980 4553 1134
18 6767 6457 6327 3885 5137 6589 7066 8407 6905 8293 4772 7021 6846 5320 1719 7995 9591 978
31 2176 8574 6202 665 4544 4872 4398 715 929 1944 6974 6682 836 5739 2004 1053 4478 8632 5412 7185 8777 8716 7485 8514 8503 7163 6441 3264 5046 7641 8154
30 9291 9246 284 7686 671 4063 9028 2547 1639 4072 1921 2532 9643 7461 2903 359 8161 8002 9093 2811 885 3100 8208 2798 6941 6958 3871 329 5476 1009
30 9581 5034 8346 3740 4854 3205 9075 5770 8801 2931 3428 5391 8693 288 3379 8081 9235 4895 4427 3864 8611 7478 2136 9808 314 4308 4741 70 4 3994
31 9901 6110 1267 4410 657 8806 6283 5009 9623 9056 2526 3316 6442 3980 1889 1618 4505 1400 3804 4581 6232 6194 7324 2976 5685 2877 7834 1576 9577 4158 7161
30 219 1192 9527 3119 6261 7282 1779 4113 5465 7231 3772 9917 1296 5309 9175 7854 344 7695 3822 2761 6419 3479 7694 6358 1903 598 9793 7943 7410 5471
15 3321 1588 2566 5352 9538 4344 7171 7613 2373 912 613 4845 9421 8822 8824
31 8420 271 2649 3915 4733 9044 6460 4249 9667 6571 8460 2268 4190 2644 2911 9572 7528 2199 9892 2953 5144 4108 597 7423 2133 5731 7742 7235 9829 7460 2117
30 9670 1973 7637 7174 9457 7811 1412 7837 8562 2021 4473 9022 5482 9470 2269 2965 4373 5893 1712 9063 6428 4294 4288 6302 4324 6108 432 4962 8001 4750
5 6724 4959 4848 6000 5091
29 1794 8021 5554 8219 6480 7746 5803 3675 387 8063 1328 779 3973 6061 2522 7675 5985 3713 8349 9365 3678 1607 3488 6411 3287 4364 2210 8641 8119
30 2944 6877 2780 2167 1474 1553 1937 2906 130 5289 5092 1075 2142 8009 9835 8003 3060 4849 520 7367 8135 1575 4283 4610 6421 7977 8647 5312 757 2770
30 4644 2899 6836 5054 1884 6896 3901 3974 3476 6963 2959 8649 7326 6874 1789 8221 3158 3223 7851 1032 8389 3248 1881 8929 2628 0 690 9004 5714 4865
23 9411 8848 5516 8856 7246 704 7134 1282 1392 9720 7755 7650 2955 7653 7179 8234 6347 3006 4548 706 7358 1404 8994
30 3239 4511 3263 6563 5228 5866 6593 2264 2272 7389 4718 6772 9428 2414 7099 1132 8246 7420 4425 3472 1080 9338 2704 3698 221 1189 6514 3665 5508 343
25 9207 7320 2881 6710 4806 3958 649 8644 4224 4566 9103 4992 5097 3142 7385 654 2097 2085 7892 8634 6040 2392 4416 4129 1018
32 8395 627 6245 9795 7663 7933 8190 9624 6838 4453 6779 2344 4198 1047 50 2500 1124 6230 4182 5549 4956 7756 5669 6107 8923 7489 2940 3611 1306 9673 7252 6111
30 113 7451 3786 3325 1557 7263 4888 2121 1466 4499 2599 4168 9554 7707 2719 7543 2832 8077 8570 3087 7421 6887 9005 5812 7051 5065 2606 1488 566 1722
30 4687 9452 248 3445 3493 7041 546 4857 5134 6157 6353 889 6774 3568 4025 8343 8927 2655 6324 9603 8756 9502 4534 1219 8507 6112 662 6546 3347 6152
26 2941 8209 3603 8747 8609 8695 1864 9741 897 3285 7763 2506 3351 2062 3495 7674 1554 503 4827 9907 4600 9905 4444 2716 3627 2448
30 4882 4706 8588 6749 8854 1968 7216 6156 8830 4856 2740 5180 338 322 2485 198 2555 4847 3485 1258 9528 3600 479 9887 2307 4408 9764 9831 1962 7115
30 6160 7104 6296 3842 9419 9232 9655 7817 9789 2366 8935 3902 1882 1041 8442 7725 6337 5906 574 7519 1244 4864 3705 1662 9773 1074 2100 8452 1677 4091
30 6649 9996 933 6742 6638 4664 2675 4623 4293 6064 6240 2978 1322 414 7699 7371 1839 4524 570 3953 3695 2372 246 4596 111 2259 5434 1287 1823 3857
19 6607 8792 41 9757 475 9068 6081 4775 8662 799 9534 4543 5625 7734 4694 2757 3598 1449 4325
31 741 1874 2440 164 7534 4744 396 9248 7614 9300 3077 1337 9250 7735 7969 6314 4039 4238 9315 2201 4306 4462 4774 4908 5845 2730 9120 5855 5790 1247 5859
31 7911 4537 5017 3666 8546 8116 7513 7453 1292 4317 3115 8177 9547 1999 470 798 2010 6091 1451 1205 5038 1877 6417 4530 4968 9971 6470 4641 7002 5398 1150
26 585 1689 8440 2992 9392 2385 5764 2760 1541 9303 5314 5981 5730 4173 9293 3805 6464 8233 7480 5488 373 630 5791 9309 4728 7376
30 8520 6747 9144 4782 2651 9858 3829 7197 6391 1612 5411 129 3699 1450 5183 7388 609 1678 9893 1858 3728 8256 5290 7744 2993 9656 4841 4927 7393 5318
30 7799 8323 6360 7662 4764 643 9357 7501 1934 9790 3039 5780 7192 2700 4745 4572 205 4334 5820 904 5752 8011 3280 3683 2298 4901 7524 8265 9095 4803
30 7877 7846 7000 5477 6647 1325 397 5792 7843 4667 561 9848 7588 1444 786 500 6180 6303 4240 5229 2795 8964 9601 7307 9280 650 8959 1278 7459 2691
23 3008 2788 6450 5158 1910 646 8694 7271 5708 8901 8540 216 238 7708 2996 1502 5132 6256 7667 5153 6516 5013 4417
31 5381 2123 1908 6842 1693 8151 967 3086 9074 2863 1681 257 1649 3919 8335 9664 9509 4612 2029 931 7639 5974 9217 8579 5870 6070 2598 2833 4951 8480 5020
26 8728 5393 9078 8146 32 2291 4130 9249 4019 2882 5532 9798 1050 7217 4621 814 4573 5215 9201 8084 838 101 5276 8866 5399 3638
31 1879 4885 3833 266 233 9177 3531 7873 7680 8450 4777 2633 5810 2099 8738 2584 787 6227 4975 8660 3716 747 6673 7597 2145 2103 3687 7649 590 9281 7223
30 8102 2006 3557 1550 5428 6336 5014 847 4634 5201 4038 7007 5862 3567 5975 3545 8215 8318 75 5397 7980 6028 3065 9787 5130 4995 6665 86 6585 6288
15 61 3208 7975 7193 4450 2434 8378 9844 7474 793 6726 614 232 3152 2528
27 8559 8104 4717 7683 2981 9833 1246 9438 8819 9826 2082 5651 2129 7860 3650 2378 9258 9883 2889 9415 6330 2306 1788 1213 9703 9427 3870
13 6424 6493 2605 3585 483 6213 1768 7805 865 8186 9983 5262 6517
31 5245 9128 5920 6340 3721 5557 4195 5824 281 9992 3574 4290 4407 9828 9049 4517 3246 1894 1610 6499 9332 5797 9873 4180 1133 1641 4220 7409 7424 7601 4891
32 2008 8739 6879 9634 4914 1143 5910 8820 3710 9968 2614 594 7352 2632 4804 4754 6267 2295 1413 6520 9672 1076 8046 6193 623 5368 5896 7042 9736 4156 142 9326
31 3692 400 212 267 241 2930 458 5915 7267 8911 2694 678 1629 1229 5747 2587 7541 4946 1174 6310 3407 9840 9257 4700 2594 6521 7568 5874 298 8870 9573
30 5649 9985 482 5113 6652 1565 1211 2875 3157 3790 5583 1499 6262 1933 8810 5607 7121 8889 4361 653 3272 5609 345 6291 3140 1120 9797 2411 9938 9915
23 5716 9852 5748 656 2799 6062 5844 2948 987 3308 8383 4985 5986 1926 7549 3296 1183 5270 3383 1462 6867 6017 7621
30 5161 902 1054 5240 7732 1509 6832 7576 9324 8550 8799 8986 8750 1116 7875 2582 4252 5633 2699 9500 9551 1987 5673 6275 9336 8888 4286 9215 4790 8087
31 3030 8435 9286 4250 5291 7191 374 2275 9160 7341 1420 5364 5502 7782 6590 6754 4900 8522 3706 1162 5528 1675 6731 1552 9540 9775 6576 1940 805 7533 3289
30 8342 7704 5829 4869 8194 2404 4477 5684 9379 8072 8289 103 7552 4915 7551 7706 1906 7295 681 9904 4271 7495 4589 7427 31 4383 6715 1642 5581 8847
30 3564 6884 4673 98 633 7856 4356 8500 6248 3722 7147 304 6773 8532 2789 7072 2150 6400 9618 1691 6487 9254 788 7158 7052 5942 2961 7985 796 2134
30 7141 7210 2690 5566 8955 1349 2640 7103 5998 4340 5379 90 1982 4982 6122 8170 2517 1765 5115 167 5403 4422 1893 299 2361 3441 8278 4140 5854 5063
30 5304 9685 4720 6021 8937 376 105 3731 544 9987 946 4964 8725 943 2785 2712 3377 25 9285 5053 8409 3835 3876 7540 1419 8602 1969 9014 3400 9970
31 3025 2748 3129 6186 572 292 4045 8610 7749 8097 3536 4590 4442 6539 676 8347 7408 4500 5277 9174 8032 5328 2070 4702 7087 1408 1425 9936 9589 4047 939
31 4586 3608 9385 9954 2059 2673 2810 5995 6681 7967 5340 5023 9867 4454 7417 2499 7486 1151 9039 3998 4527 2779 6065 3922 1112 4226 4162 3688 4296 4725 9476
31 957 8699 825 3938 4139 9364 1644 156 7167 6641 4043 1702 8997 3161 7583 968 7175 8852 7336 5755 7126 6369 2624 7251 5248 4310 4905 9169 3620 3723 3985
21 1735 2079 8207 7554 8445 3169 9964 377 2086 9574 3436 5442 5904 2186 1533 3961 7815 8417 5199 9173 2265
30 5341 2357 5307 6984 1046 9842 5426 6367 7793 8918 8646 112 4789 72 8680 7107 5611 2676 5947 4169 6278 9271 1917 7055 4896 296 6914 4531 7896 8122
31 5424 9473 5562 9951 832 6247 7761 2648 8952 3592 9407 2116 4979 8359 9295 6977 5980 591 9367 1807 5745 1070 7660 7469 1812 4823 791 3012 8123 7131 3346
31 1269 4546 5636 3566 6969 4966 5193 4046 9526 947 3154 3292 4460 4715 742 3707 1596 3820 4239 4116 2849 4721 4303 4392 2985 1014 9260 5474 5865 9227 5455
19 4495 4428 2539 7690 9497 595 7729 8214 6103 6451 7178 3573 4335 3489 2995 1446 5614 3506 923
30 6228 7129 6536 4558 7208 3124 1862 3507 5700 3761 7004 1395 4316 3078 5421 5655 7945 1131 8821 4146 5266 6892 2822 2689 6573 2671 2679 9993 9834 5631
31 4788 8459 1010 7172 3370 4713 9963 4528 7822 2383 1771 689 1342 4382 738 9688 6126 7294 5118 1661 5940 7308 3252 3745 7310 421 7664 3781 5876 4987 2508
30 8184 6658 128 7277 4318 5853 7466 4449 1096 6443 4486 1501 3808 547 1567 5360 4748 3365 5742 5414 995 5493 9898 1507 4769 5147 8925 5413 9102 6919
14 1353 5743 720 5602 1667 7387 8303 8638 1532 7383 9541 1720 8961 9868
19 2912 4414 730 3200 908 2745 353 7516 3505 8904 9358 5385 8325 239 34 2348 8922 2820 2951
31 2020 9052 9869 2497 3701 9314 8970 4773 6301 275 2154 9880 171 1786 1463 6803 2420 1828 4386 7658 2723 62 4401 7079 5431 3957 1497 9446 2449 3850 8147
24 3281 7575 9105 3906 2178 9033 9156 2156 1248 4456 1774 5139 6629 1035 2494 9725 4801 2466 9501 903 2792 7170 2503 9910
30 580 1630 4630 6550 6927 952 8167 4353 7915 9299 7091 26 2364 7071 2279 9597 641 868 1730 3164 3937 2902 6335 7283 5949 9484 7219 2157 8884 3279
31 1866 2436 9109 854 3879 9159 74 1872 2191 8788 7368 9136 4647 859 9212 1388 3198 5496 5546 5223 9040 764 1044 3492 7938 4172 316 8429 6635 3742 5571
12 3555 2026 8254 7567 3433 5043 1660 2107 4074 4685 2438 4941
31 8179 6735 3403 7934 3338 2160 4858 6882 3278 880 2063 1073 2204 5357 1806 7063 5483 8583 8365 8322 5417 4402 3766 7279 5688 1585 8313 3677 8424 4042 1020
16 29 6199 1218 2338 8173 2802 1725 7715 3044 8126 754 2765 8299 6612 8360 180
30 2986 7553 3381 3058 1222 8118 5847 1048 3811 4394 3186 9205 6891 4232 3395 2405 9663 9825 717 8358 620 2637 7290 410 6311 4354 6594 7138 7586 20
31 3693 5237 8198 856 1106 4171 3261 9031 8159 1470 5208 9542 6459 6854 450 9488 4936 4771 4492 6936 4680 5272 7300 265 4054 9552 4554 3405 4311 7111 2627
31 5406 3138 6307 8133 2464 46 6359 9077 7422 4821 4378 282 3828 3674 5728 6376 3004 6620 5594 7828 237 6472 79 9642 7202 2806 5485 790 8808 5125 2983
31 622 7512 3821 5156 2551 3759 5951 1710 6379 5373 2923 4692 9148 4259 1836 8828 851 5595 336 9356 9115 8180 51 2879 2046 844 2113 3046 840 9776 5841
32 9216 8586 9744 1977 5187 7477 9424 9496 7857 3135 4073 5919 7538 6975 1340 6282 4175 6720 5772 2800 4367 413 6217 9746 3637 3612 4729 4451 906 8517 464 6063
31 3103 1593 3068 9680 6402 4070 3609 2095 30 1871 255 37 4138 8669 6286 9865 2155 264 5110 2081 9578 652 1481 8752 427 7476 6876 4257 7436 7375 7404
30 4842 5572 5771 1777 2654 6871 2386 230 8103 3454 2844 589 733 7177 7273 7345 8399 3943 6937 4148 4926 8608 4313 3486 6368 6534 4157 1115 6481 3929
30 6961 2536 4109 9947 3112 5409 1700 6333 6751 2874 4899 5171 2478 5794 5217 815 7250 2371 8202 2202 9088 5776 8942 8893 4616 6035 4516 2185 7772 4799
31 7862 2641 4421 2036 9065 3784 7816 5514 1045 5163 4096 5704 6083 3455 6431 3076 6860 7003 723 5378 5842 5530 5121 4753 955 2252 6365 2457 424 231 2658
30 9283 7230 1995 1580 7092 1676 4588 2842 9882 8793 6231 3907 4978 3487 1094 253 2334 1975 4889 7033 3324 6099 3040 9007 3797 176 6207 7906 5376 3749
25 8406 699 332 8348 4024 7692 3623 6932 3851 2034 2051 6038 7189 5575 9335 4571 8241 5761 7622 6054 9236 8913 7776 6606 5578
31 3988 8020 3426 4629 3663 9889 7503 3909 1922 3561 1800 7879 2443 3979 2777 9699 5401 7233 7030 1498 2705 4707 9854 3388 792 9608 948 9850 6266 9131 247
31 5598 7116 1208 2825 4372 8112 6659 9228 8857 2037 7630 9225 909 5561 9755 6855 9886 2239 1434 9973 7084 642 4174 2266 9067 8924 8371 8735 7789 7783 3617
18 157 5948 6003 7787 378 6280 7988 352 4209 6437 6713 618 6873 173 7330 5463 7958 8727
19 3149 2538 150 9654 1496 4605 872 1643 5302 7222 5801 4235 9816 728 1945 6124 9929 7247 2620
30 734 2512 7373 9735 1647 6346 9900 5861 1271 5317 9843 4688 4251 8049 3682 3074 9621 1361 1687 5873 2002 6653 6889 8501 9432 8589 1288 8 811 9354
31 7119 4693 3475 511 5674 9242 7118 7903 9644 1598 8334 2837 9403 8841 1885 9055 9448 3344 2469 3889 6688 8762 6971 4363 6390 6844 7165 6944 2839 5944 1948
31 1040 9920 9543 6818 8575 9262 9272 2164 5462 9908 5154 283 8304 8969 4152 3195 870 6315 5542 3306 9310 7317 7213 9759 3250 9296 9168 8404 4185 6060 9569
31 1888 5358 364 6352 6023 9645 454 7604 3584 319 3443 6234 2749 1854 53 4036 3659 8496 3764 6553 3187 8276 8467 5869 259 5404 6685 7748 2609 1547 2163
18 2559 1651 5996 119 2106 9742 9346 3305 5907 7809 3356 852 7510 9727 5675 3920 6667 9723
12 2316 6123 9627 7312 9037 380 8981 4347 4866 6864 2578 1626
31 4346 8711 1955 9557 8368 5766 388 5021 285 4539 8705 5992 8199 4369 2892 1187 2871 2895 9059 44 2638 4229 971 148 8683 3983 5661 9369 1652 3589 5606
30 4143 7180 502 5663 9738 7135 7187 2558 7894 5380 894 1822 5733 9902 9318 5524 2236 7961 9587 8472 1153 8837 4542 9984 2759 8090 6158 8138 6492 3093
26 8840 8055 5214 3966 3051 5366 4971 3905 4561 2281 2375 3449 6325 1964 9372 8478 5128 8846 5286 9726 4751 4599 5037 5138 3460 1190
21 583 2714 8784 8419 753 8030 8667 6426 8533 4085 1590 5958 3893 8599 9683 7960 9730 7890 7023 3884 1284
31 297 7471 9030 3921 5656 6024 1168 4853 52 3757 6622 9110 4002 8432 1920 223 7400 3401 5206 5946 9924 5030 6796 4061 8195 8174 3520 4820 7011 2441 2530
31 9799 3758 2681 3375 2952 2954 8809 5123 8033 9240 7120 928 6862 6714 6318 9958 577 9969 2533 1936 4577 9857 7821 9622 3886 8836 7057 82 6881 3043 2208
31 4058 1013 2657 3114 9130 4099 8263 147 1912 7866 7823 2452 7645 7285 1901 3955 1706 743 2701 4655 504 36 7054 7416 6702 5846 9507 1966 6559 6271 2169
24 222 8425 5540 2212 5344 2368 1613 8243 3874 6389 2504 9376 4805 9718 155 8732 1265 2553 4015 192 1091 351 9953 1545
31 4894 4260 8040 5888 922 772 8780 9516 2630 8017 8212 6820 243 5274 8471 4438 3877 2091 4254 6623 8005 3297 3162 6341 5322 6991 443 7885 3860 1304 2597
32 961 5491 9944 6474 2180 2979 425 8956 1166 9322 490 6201 5061 149 7397 9423 4053 632 829 2317 9098 2488 8853 4484 60 5148 3676 3522 1758 8113 8543 8069
19 1005 7891 3317 9483 559 2613 3532 9089 1417 8502 6462 4443 7819 6414 9400 3935 7728 3412 5573
19 4150 3990 7648 1111 881 7342 2377 7515 8288 1448 4357 688 2756 8025 7354 7362 4501 6037 5067
31 2869 3148 530 8766 330 7113 2753 8164 6041 65 1317 6281 453 9774 8763 4452 8162 4155 9856 7470 3794 1928 4668 6933 5883 5551 6051 1148 7335 9770 5604
31 9523 864 9012 4703 7922 9546 2602 5356 8111 9157 6743 2109 3241 3262 8076 5687 9961 4166 9342 3382 6254 7450 7833 6383 2064 1064 7035 8722 4909 4716 8054
31 6695 6740 2782 6856 3038 5169 8909 4638 1531 4221 9444 6982 1870 8061 8473 2685 7942 9807 2471 8356 4488 960 526 1367 3950 108 5937 5533 8674 7766 8217
30 7401 109 697 1508 4035 8671 6491 1716 4784 9433 5353 8067 3508 4614 5349 8248 9801 9122 7970 3726 1608 9841 4199 8454 2764 6334 2193 7215 9241 3892
31 4307 1372 9282 9769 6076 2482 5713 4924 7508 4014 6619 6692 958 8115 875 3446 682 9895 6736 9760 2182 1506 1520 6482 5242 8487 8879 234 1909 4338 3618
30 372 1803 1121 4050 5069 1232 1459 4584 2766 8664 5804 1307 9943 7520 5722 3336 1623 7656 4345 9399 8985 5924 7127 4563 1952 2326 3641 8043 3591 737
22 4618 5359 2455 8653 3054 1169 2556 4244 9370 1199 4608 3256 7130 5000 2354 1853 5195 7578 1036 5828 2363 2709
3 117 8024 5983
31 3371 1024 2495 5686 5495 9972 9195 3373 8843 6140 6581 7009 9113 333 8495 972 941 478 2255 6500 5194 1390 8825 3814 3995 5599 1301 6981 2408 4348 5543
31 24 1406 6410 417 761 2732 6946 2693 5608 5782 1876 9337 7790 7505 9244 9389 9009 1615 6072 4342 1927 4812 8999 7268 1600 2196 4385 5737 679 1841 8921
4 9449 5875 8832 2573
21 3578 2942 5089 4657 6119 5088 2790 7924 2048 6696 9302 2580 7743 7497 28 4663 1025 1329 6370 393 9693
16 3855 5213 3490 8637 1365 617 7778 9896 3859 1203 8031 7207 1670 7978 6790 4469
11 7929 6329 3510 9657 7685 5952 97 7498 9611 7296 3341
30 9679 4781 8328 7870 9949 7411 3952 8510 7339 1924 3635 8933 4809 8250 9435 6525 7591 3431 71 673 8859 664 9048 1128 5044 927 926 56 8430 8178
33 5885 7889 7379 782 415 1355 930 7176 1891 6036 9321 7599 1310 1125 600 441 2027 1321 6388 5707 603 8751 7826 3703 7888 8948 9749 1898 4018 2271 778 7058 6453
30 8962 3579 4815 7226 7444 1152 4441 1480 7415 1061 3070 8261 6617 2611 1727 963 7616 5367 9903 8604 3357 6236 8132 2472 1231 6019 4540 1084 2819 5273
31 4637 1438 9845 5182 6601 9923 4274 5619 819 8871 893 5464 1402 8931 217 6560 1375 335 1996 8912 4215 5788 9814 2970 5521 2683 6979 2300 758 472 4897
7 541 3651 7248 1500 2741 5382 2053
17 5086 1492 9255 8614 3789 8742 2505 4828 1198 8326 1396 2024 1058 7405 5793 974 9515
17 1833 9864 409 35 5371 8523 1583 3930 9441 5094 8960 4569 575 2017 6947 5416 5968
22 1776 739 9813 3739 2323 8273 9234 5033 6218 2241 4768 4033 6940 4912 5326 2739 1373 2763 2028 8287 270 1998
31 55 4387 1564 5892 1381 3102 2362 5001 6909 7918 2713 3182 7718 9224 545 5963 3361 2980 7767 2575 3810 4183 1285 2746 4390 5499 1234 2224 2922 6191 1038
31 6916 9347 1970 984 2600 6989 2667 6579 8075 1389 936 2737 6187 1289 7328 2274 4176 8734 5114 3019 7644 1571 1915 2165 1698 7395 3836 685 6241 8185 6185
31 7040 9406 3354 9289 6538 2857 1109 5702 4302 1907 7490 3267 9384 2237 2433 8812 5789 2496 5987 3034 9094 4972 9606 6401 4269 2697 5077 1341 2540 6257 8710
22 273 5991 977 5955 2077 494 8245 3228 2393 1981 1688 1029 6583 914 9363 5257 9788 1409 2226 3109 8455 4321
31 8758 1860 8462 6430 7847 7256 5045 4328 6808 3767 7651 9436 4620 3009 4597 3917 2619 1673 1744 9713 3226 861 6468 2310 6445 8080 5813 2329 1137 1003 626
5 4855 6150 2118 6634 4887
30 2061 6849 3947 3108 354 6089 9975 6910 5933 9221 1592 7288 2340 3016 1136 7556 4684 1548 9108 2475 6092 269 4181 6895 9956 6348 7391 7281 321 4320
31 7957 5387 442 2261 5815 1886 1985 5070 777 9143 2561 1383 6043 1235 2876 5796 4333 9959 2214 1732 2069 7634 5432 8092 4811 8205 7905 5388 9721 8375 2225
30 1135 8554 493 7085 5678 7162 4756 3230 9849 2104 4330 9722 3534 7016 3503 8252 9395 5863 2514 9261 785 573 8702 5935 1202 3734 831 2814 8397 8947
30 6663 7020 5425 6645 8768 348 369 5160 1376 8345 3967 2501 2861 2358 8512 8971 471 8972 3517 1766 5056 3192 9058 1356 7600 4315 4723 1579 3107 9334
31 519 7318 4833 7557 7882 7684 3099 7014 5101 3735 3221 2631 6436 1357 4578 227 2728 5430 3355 5795 9662 7981 2812 7955 6700 6373 3652 9765 1230 5857 9329
31 5860 2296 9267 4405 6305 8882 2290 979 1069 2229 5026 4988 2213 4429 9350 6387 5339 558 4719 2232 6599 4763 6362 3056 648 5811 7183 7166 5931 2130 5173
15 6198 1609 2626 950 9681 7636 843 3622 8603 3269 3645 9351 3625 9239 3560
31 375 9463 9469 6567 2997 7276 4331 5564 7592 2622 4701 7626 9658 4280 8689 983 96 162 7360 5762 3048 9921 5613 1594 8666 4242 4305 7151 9311 5280 9430
31 6831 7329 4154 5816 2937 7239 8220 3896 4559 8491 9155 5767 1275 9331 7800 3777 1423 4222 9050 9535 404 1362 6394 204 4230 2703 5159 1312 3518 295 6479
6 5769 5808 7927 9613 2207 5982
31 7499 1784 3092 6765 4481 4930 3793 8631 2568 6769 2110 7220 1525 5763 6008 6923 5448 5993 5261 2071 2347 5676 6817 4509 488 8861 5817 8541 6405 8163 136
9 9409 3527 608 3193 6886 8412 2314 7081 4796
32 9325 726 1177 3191 8034 3181 7457 2885 4653 1603 8627 1741 887 7353 3283 8954 4817 2617 4961 2483 229 6980 1742 8056 2836 3349 669 6676 4446 5682 2273 1212
2 5235 8227
2 8477 7325
30 6541 7398 9559 533 1529 7096 2543 9566 1831 9694 3121 5072 9397 6798 1493 139 1696 8357 1238 1268 9615 2249 3302 8635 2098 9390 5202 9025 1614 2845
8 3090 3197 2401 3605 6446 5050 5962 5903
30 5324 9402 1142 5711 8421 1465 1494 711 5959 7949 8428 5537 3962 809 1989 8060 6471 1007 1249 8465 2510 407 3037 4994 7803 3819 9129 9876 4479 9374
31 4758 9935 7631 4705 7994 6066 1062 8645 3314 7900 3992 5640 693 7260 8294 8438 8439 9588 8461 2342 4783 2891 8983 2446 8251 1350 2337 828 8008 5029 3969
17 3167 3826 9806 57 1245 8176 461 934 2769 6378 1736 5999 4549 4626 5068 1769 7433
31 3549 1773 1524 290 9118 6809 4617 3694 2023 9420 680 6926 6602 3178 8068 5383 6219 8016 9398 4640 9491 8781 2067 2450 3727 1118 6273 4424 1826 3586 8301
31 8670 2422 4867 7737 7628 6270 993 8505 4114 384 8064 4487 6897 9139 385 6709 3881 9522 5498 9413 1099 2968 73 911 2886 107 2421 9383 7123 4013 4846
31 9140 5727 8902 8448 4020 7245 674 2192 1433 4470 1591 4009 5600 5243 5729 1606 9762 3516 5832 4192 884 6640 8802 8919 4463 341 5616 4049 7537 1887 4120
31 8708 6404 4794 956 2754 2771 9186 2035 1504 1861 7865 6146 9709 3630 5984 9914 5456 4513 1405 6632 1108 3774 3033 6005 8321 2905 1514 8078 6518 7527 7049
28 5934 666 481 3632 9135 4659 4792 7532 1393 9141 2722 5472 6171 6799 3352 8567 1672 2549 8531 588 2647 5467 8139 9200 1954 58 4445 807
30 6689 7198 4836 5712 6825 9276 6657 1297 3750 6699 2228 8686 9292 6102 7076 6372 8286 2868 5648 3668 5178 9999 8949 1801 4231 1899 2843 6978 2608 4160
31 5300 7993 7372 802 2140 767 6082 1947 8401 2910 6184 9150 9780 3613 1622 2254 5164 8121 1816 4923 3941 891 123 7159 9555 7951 1586 9782 8519 4281 8874
4 1867 4829 9602 306
31 3307 3311 5049 5756 2999 6380 4696 7048 9687 2645 6605 5734 356 9193 1824 1477 824 1457 1385 3834 1157 8714 4010 6440 1495 7784 7962 9669 3858 9990 8131
31 3817 3236 3188 9696 9190 7759 4415 7562 4406 202 3174 924 405 4919 3813 2365 2283 3927 2493 2380 2168 6723 9112 1086 99 2161 7673 3863 392 3690 5821
2 4071 7948
31 6381 7612 5006 1830 1835 2585 6784 3258 5105 6211 7647 5872 7100 2299 42 7584 8975 7838 5936 7332 2018 3552 644 2823 3275 5889 383 8332 7356 4911 6342
24 7070 8736 6192 210 1627 1487 709 1259 7145 9229 6866 2205 2947 9162 125 2093 8697 4514 4952 4465 1216 8012 2588 1022
7 769 3005 4196 9549 7464 3194 6544
31 7561 8149 4910 3795 4409 2105 5374 2407 6915 8444 4121 9583 6326 6552 5851 1164 6588 6661 505 6295 4480 9016 1021 1848 7676 9290 491 9 3255 6789 5723
15 2917 1323 7779 9251 6034 871 5400 9288 3394 7164 194 7547 5908 8010 7025
32 768 8262 1002 4016 607 1324 4497 2072 4824 8150 8307 6165 7788 2721 2943 5513 8528 8172 3151 4081 5177 8658 2807 5928 783 8696 8488 8091 3679 391 8700 5501
27 4948 2297 3368 5212 8831 2473 6374 6344 4722 3231 9330 8571 495 6176 2793 3387 8050 7333 7128 5997 5418 6957 7827 8456 3415 5623 9359
30 6277 1384 8573 7580 208 1845 8324 7691 7334 1264 2319 7090 3300 2189 6025 2263 6077 4678 9076 6233 2092 1542 9590 2014 1868 3184 8156 3172 6052 6113
31 2883 8458 5369 9353 2250 6639 8485 8996 1875 5329 2332 991 196 261 1827 2215 727 9531 9855 165 9715 143 1374 5867 8275 4795 8152 6294 5923 1439 7182
12 5445 8578 7638 9925 5107 5837 7941 9388 1188 9592 5305 4646
28 6815 5615 4661 1628 8042 4021 1738 6416 350 5155 7620 126 256 5157 6859 2389 6030 1717 548 3125 6050 468 2853 6349 8411 4418 302 1114
31 2720 3147 6756 7249 2041 8191 4017 2122 3225 7624 6463 4457 9278 6129 1026 4619 6738 2894 1107 7607 3456 5634 6183 5544 3702 2521 7801 3390 6533 998 976
12 423 445 2198 5957 146 8951 4300 2809 4921 5864 7502 5226
11 1273 3333 209 6413 9164 660 2330 4147 4689 5188 1339
15 2735 6654 9316 4920 8795 8236 6716 542 9482 9724 3295 5473 4770 2396 7581
18 9305 3257 7406 1240 3270 3775 3839 137 9268 9319 5210 9879 2325 4730 2936 1941 4001 3827
9 9514 8557 457 9104 3537 708 9570 6161 5441
31 5717 3294 9965 7874 9100 5695 5603 8953 9817 6683 8516 6415 4698 6655 8729 7786 220 5165 6668 1657 3733 4627 289 9203 1726 7269 2321 7303 3559 4177 8019
31 8950 6139 245 3022 9341 4709 3062 1455 6566 7998 1747 174 5587 970 7646 5479 4732 5355 9991 5916 5843 7688 140 7484 1636 1837 8279 2623 3719 9097 7036
31 6706 19 7804 3554 7494 141 225 3621 1589 9230 8814 639 278 4852 6264 9946 9518 1017 9034 4110 9308 8733 7850 5048 944 7184 6959 4393 707 6458 6221
30 549 9090 965 9297 497 552 3122 9652 121 7806 8108 5384 1914 5098 8855 3376 4102 888 3649 9695 6354 1063 5450 6621 4161 4977 9024 3111 3500 1923
19 4742 2166 6208 3614 8110 8876 6279 883 5610 5250 8547 7935 5350 1690 3756 8829 8778 6309 2177
31 6901 8965 1959 9804 4615 853 9809 659 7573 6596 2141 9114 1783 916 5852 5882 6385 8914 1811 9161 7157 1484 6508 2080 145 5667 8070 5545 4057 6507 675
18 7861 6794 5377 2305 9116 9202 7456 5941 3466 484 2309 4279 4906 3088 1740 973 6154 7678
17 713 1447 6206 4404 9751 4555 6399 9054 5394 6800 2636 6519 8415 964 1796 2451 8047
22 1105 7287 277 3199 9180 9647 9928 9822 4802 8721 8807 8400 3123 5943 5220 4762 4831 9119 6949 7780 8678 4483
31 3055 5227 1869 4225 152 9138 8101 2260 8864 1461 6452 7266 1753 276 6948 213 6675 45 3318 7623 7671 1708 7348 8144 3626 6015 2287 729 9396 1001 3021
5 8731 6780 2957 4107 2660
31 2015 3640 9274 4228 8035 85 4965 7812 1051 10 9333 9023 7781 1286 3747 9740 8013 7661 2419 7895 7241 4131 7963 2339 1149 9690 9781 1093 2773 263 8957
31 9003 9698 3910 8803 6398 907 5298 2477 7659 8743 776 2850 4388 4217 5520 9181 1780 4650 3312 9152 4999 2369 4580 9294 3106 5932 2592 5342 898 1805 4929
31 1097 7293 3396 4048 4587 6222 1081 6999 2397 2901 5658 8545 8833 9480 9704 3061 3599 5570 7517 5509 1574 5740 3882 1549 4780 188 8717 9650 3903 8941 4186
13 4601 8271 206 2382 3807 4786 8990 4724 6067 7493 3328 153 4471
6 1209 1815 9011 8868 4704 1817
4 6822 4984 3989 9927
22 6466 9020 3461 8521 3047 4593 6956 3203 1431 6253 7065 7990 2175 8197 7582 8628 2102 5898 207 3440 6797 820
2 700 2418
31 6263 8509 3362 989 3414 4123 4006 2966 2921 3450 6880 2945 3251 3330 3553 8314 7571 2183 6841 2932 915 6768 3175 5096 1935 5435 13 2610 8374 1261 4955
20 5018 6269 8786 9579 1913 1294 444 6630 9701 4111 670 1781 6505 2308 8381 4082 6545 1890 5119 4818
31 1305 1993 4624 1949 6438 3970 9561 4491 5879 9298 2439 7462 1277 806 534 2447 3000 7439 5827 9032 3558 6259 4983 8295 8418 3787 667 7818 7881 795 2840
31 2247 6044 2511 6718 1175 6251 578 4989 4969 5040 5664 5104 9671 7018 6020 5850 6131 5807 110 6577 1103 3350 8479 429 9451 8910 1147 3042 7719 5458 1378
32 5192 9121 1 4761 4065 2033 2075 3981 3496 9106 9785 434 2486 731 6776 9930 3908 8805 2662 2801 2987 9206 9391 5410 8468 8384 3014 4295 4476 1701 5665 3883
18 9313 6694 6804 4349 7883 8037 4798 8014 1067 6775 6678 9767 386 1597 1262 6478 1167 9360
31 2519 7229 1363 2783 6985 1319 7745 1160 3173 7414 133 4981 9716 8270 2413 5754 7302 5930 6651 8561 925 3309 1437 562 7617 8724 9747 5361 2238 1210 9677
32 4525 3743 5295 4482 1684 9134 7643 7769 5323 9659 4125 3494 6542 77 3010 7848 4932 7536 6531 571 2727 1172 1354 7539 7083 4519 8320 9494 8249 8337 1343 9472
14 88 6039 2425 1252 982 2304 120 8266 5709 280 6363 8590 527 9824
19 2465 2774 7355 4202 8128 7253 1311 9478 7872 1464 5901 800 9355 6778 1387 6055 4289 114 8730
12 7109 6745 7546 5777 5539 7019 2240 1943 2346 5176 6708 1555
13 672 3457 3601 4003 9477 2919 2696 8062 1561 2040 5692 4851 2887
31 9619 1528 7768 1997 4101 5660 9539 4552 4159 1748 5268 5929 6816 8992 801 841 9327 6145 3806 5643 5321 1793 9069 6285 7669 3762 7228 9878 8482 3110 5108
2 4309 7468
31 5970 6456 3572 951 3420 9737 4384 5835 5211 3498 8976 4212 5102 6829 5019 4097 5696 9437 8443 346 3467 5297 1517 7739 8386 8867 5395 6998 6853 8120 5244
26 9563 7640 200 6220 506 1239 64 9912 6056 9000 9508 6578 9083 7914 5552 556 4631 6532 6506 3217 7775 7473 6725 9922 1303 1344
22 719 3575 1697 4285 9179 4643 3669 3729 163 8760 7627 3145 8544 5308 2190 7098 8651 7997 1401 6395 7841 3367
31 6031 4583 3779 9705 8155 4595 3326 6172 9729 2412 8218 399 8616 3832 7292 2524 7932 6988 3023 9453 1526 3084 8355 3604 8982 1619 4197 8622 6664 6350 1300
31 187 268 3291 2856 7442 5584 8804 2108 7221 536 7259 4219 6339 8513 6014 3960 1650 5196 7747 9099 7038 4151 2562 1490 2604 3180 762 6246 6911 406 1569
31 1066 6952 3024 3017 4297 7901 3770 8560 5064 3972 4711 2341 2960 4188 4712 3628 9312 6564 7736 8600 9066 8619 3189 5489 7214 2908 1961 2516 7026 1226 4241
30 5335 8204 6200 4184 7190 39 5260 4884 8099 2370 320 1624 537 999 5258 1611 9170 6791 3771 5365 5918 4943 5264 4179 5251 1617 4339 8232 6087 6721
31 8175 3471 5517 3105 9064 1263 5279 7971 7830 8366 83 6888 7807 8565 2244 8336 7921 8045 4341 4755 3890 1577 1808 4556 8834 7509 4611 4126 4490 2618 6795
2 1560 6321
17 9752 3654 7152 419 3116 5124 2343 9641 8051 2359 8764 2535 6609 8593 8048 525 6753
31 7657 2576 2975 8816 2635 1079 5437 7984 6746 8446 6821 151 9955 7939 3397 8362 3916 6666 9204 7919 1754 5726 1127 4551 6501 4697 469 9146 1472 59 6127
31 6252 8932 7314 935 4938 8665 8300 5632 3986 3031 4282 6397 6983 4878 7153 7753 735 7721 1083 7242 651 981 2775 5787 1184 3274 3417 9637 1939 7133 1318
31 7965 1664 9401 9349 9492 3190 3746 5899 6865 3372 2498 9366 9462 3299 9708 5849 8498 2030 5492 7304 4835 460 1185 9147 6032 6007 8838 2821 1290 994 8414
31 3607 7952 9636 7572 9171 9710 9962 7679 408 5534 4840 1236 1031 9988 2634 154 3590 5084 3171 827 9728 3944 2262 9692 7740 7950 8877 5150 3928 1653 9796
22 2432 1978 6168 4666 8772 5690 8719 9639 1104 7542 9994 3470 2461 4420 2563 1469 1763 604 7835 6524 7 4793
28 6002 6115 4467 640 6729 7479 990 9812 6674 6345 612 6830 8153 2148 6483 6086 309 7652 5505 2778 8497 411 5207 7437 5131 5806 3369 5254
20 8773 789 3334 6029 9511 5422 5701 7301 1539 4426 5527 6375 4351 512 6543 7047 7012 3538 2616 4949
31 8292 920 4194 2112 1460 5642 5100 9082 6179 7149 2601 3137 1217 5512 5396 8920 250 9211 496 2428 3954 6100 8894 4431 5749 6717 637 7751 3853 5900 6494
31 9847 4214 8447 5347 8187 1762 6422 8869 7794 8883 3163 3689 4518 3399 293 5106 4258 5518 5618 631 8206 4298 5028 9648 7696 7611 9792 9371 9223 6650 3528
31 7475 7913 6669 1518 6739 6216 826 6907 6098 4472 4204 4264 3201 9269 2068 4560 4026 6382 1950 4822 1156 8663 4574 8891 5024 2219 4886 1847 4506 1055 7472
29 2920 9550 6741 439 7579 1352 6013 8851 3499 4068 736 7062 684 6995 1770 8946 8427 2688 5585 1648 7774 7526 3015 6701 7983 3343 5825 8226 3288
32 3629 7936 5710 9485 8059 2209 6132 5310 4939 1638 9368 8140 5259 3101 7966 1171 7327 5605 8709 750 3581 6022 4859 8095 3898 1728 5922 9277 3284 5390 7825 3643
31 7429 9888 2074 7243 8995 2984 4636 508 7361 4087 1911 1394 3235 2087 9021 7124 3523 5288 3725 6671 8315 1795 3464 3254 5617 4077 8648 7112 2926 4127 2664
16 677 8703 9412 3544 7492 7203 7633 4227 1930 862 1819 17 1519 7106 3389 3709
16 6670 8329 6053 2399 3542 8306 3098 6243 3211 4675 8826 11 279 4265 1932 6686
31 1757 9675 5189 8823 5090 529 9458 23 1820 8691 8688 3 6226 4950 9674 9899 850 2038 2127 3497 9529 8066 8577 9057 9568 1482 1043 3848 5057 7733 9916
31 5440 3444 7428 6475 9182 4366 3524 2415 1787 15 4625 6730 8284 4144 3391 7832 3091 7852 7738 7244 7518 7053 3423 5822 440 5003 2998 797 6242 9176 3619
31 8878 9649 4935 95 8989 1369 9948 8984 4800 3075 8551 9784 5117 4710 3738 3873 3483 43 4023 2579 1126 1478 6890 7452 7523 3792 5978 1141 6595 9860 224
21 2571 6807 2742 8978 2686 9375 1942 2525 7770 3799 5306 6488 3606 5002 8842 1535 4870 1775 9344 1196 9803
31 9976 203 2409 6942 8085 7548 4503 1004 6925 9208 5284 1308 6167 6604 8281 9957 1750 9989 3634 2050 2195 7845 2743 452 899 7073 4759 9977 1951 5666 181
31 3442 563 4164 4826 4493 2900 6672 4699 1193 3845 6085 2859 4368 6105 473 8753 6847 3662 3730 5826 7625 5781 8908 9439 2301 8797 7880 8613 1573 6750 2897
31 4078 606 1674 7236 2000 3477 6744 1476 523 5878 5140 3714 3011 4993 4535 4876 7741 1925 2149 7254 6109 6934 9051 8238 9266 8636 9454 9387 8939 3064 7795
31 8310 2384 7337 8915 9819 4913 5116 8486 6106 5386 5556 6447 2437 8673 8873 1316 6528 6079 7910 7027 4737 4275 2962 7705 5894 308 349 4273 4683 4069 6016
31 4008 4679 9320 69 2470 3940 159 1785 9911 8746 4642 9085 8917 1682 8569 4262 9866 9060 7887 3768 8405 2083 3515 2878 4510 4813 2914 7991 4904 8057 3380
4 7013 7082 8370 1399
23 1315 1138 873 4064 5662 7364 4119 2480 5076 9810 5278 3894 5785 2805 5558 6755 1358 7396 3670 9041 7514 2005 6018
31 9707 4059 892 5890 3502 1331 5008 7143 2796 1368 6406 9758 3150 510 1382 4681 7015 9786 2222 1704 8633 466 38 5246 2550 5051 4079 5055 9940 9937 1006
28 5299 311 2230 3083 6356 3818 1436 9846 8987 8416 9800 6908 9213 3913 449 7418 4360 7299 1957 6918 9352 7218 8934 4458 2827 882 5563 6834
31 6783 8890 611 975 5627 3636 1511 949 1979 7987 8105 4893 1468 4323 7886 8006 9966 9605 5327 878 7511 6899 1849 5836 3644 4996 4752 3987 5988 1088 8718
31 7463 8518 9666 2717 7698 6133 2320 2395 9553 2179 9934 8291 7402 1956 7820 9651 3244 2454 6811 8457 2750 9519 5927 4928 1158 702 6045 9461 4332 3514 5646
31 3696 7028 2642 4665 9712 6705 4034 2388 7080 7483 1424 3593 2147 4464 2311 7291 5568 8886 2489 564 5066 3268 1798 228 2013 7869 1095 1570 1204 1522 5253
31 4377 1900 3891 8285 3220 6196 6048 3465 509 8494 1840 7132 3222 3045 6556 7802 6990 4370 5346 3911 312 848 5079 9986 5162 9596 5964 3791 8606 8690 8350
31 5693 2581 7382 4088 4137 7665 3468 9133 7488 76 4263 5786 3748 744 8258 9416 9017 3639 7443 6549 3118 4193 7390 9243 6209 3942 3003 845 1865 7714 6260
22 6412 5497 4635 7876 4656 9576 178 8382 5074 8481 2893 8872 6861 1145 7331 5271 8436 7056 9455 7089 5103 6143
31 2135 7270 368 9575 7710 8259 5914 4105 7370 6848 1320 3661 7237 6996 9091 1165 3136 628 158 7050 389 1426 2194 9521 966 8145 5833 5443 4040 1082 1646
31 1543 7005 9556 7602 3616 3435 2187 1101 8659 7712 6591 5122 5597 5166 4902 8672 7608 4765 8592 5331 2481 9794 804 3166 5348 4570 4791 6151 2200 2203 3825
19 6403 658 6239 4807 5783 2217 115 9222 1790 1428 1946 6920 6970 6858 1604 3912 9471 7240 7632
2 9393 9504
28 4494 3156 5480 9562 1634 6272 6484 2884 4532 8109 7525 7750 9460 9661 7137 748 8704 6001 4362 416 5802 760 8765 4474 8222 9861 1731 8433
31 1515 2949 8548 3602 8796 127 5579 629 7724 8928 582 695 6939 4135 6763 3437 5522 6276 1432 5315 8474 3063 8639 9036 4337 5198 8849 3126 4522 7758 9638
31 7928 9256 874 8991 6523 8595 3418 5526 2315 8193 6548 8749 7570 22 9686 9086 1965 7504 5823 8340 4178 5185 3837 5447 1825 3310 8082 3378 5637 2463 7093
5 8640 9084 6164 780 476
4 3869 1178 6951 8088
23 4090 48 3865 3816 6966 6313 921 7274 938 1257 8253 8169 8264 6137 3511 3214 2381 7201 8839 5010 3427 3720 766
31 3253 1335 7792 1843 9872 531 3685 4433 7194 7920 3474 8650 5529 9682 9275 9218 5093 1237 8944 858 2427 5461 9600 5515 9567 5296 1809 4649 3185 8319 3313
31 474 303 5954 318 5650 823 177 7697 2541 21 2042 9919 1834 3438 6509 6117 9422 1056 3059 7545 3504 3800 9719 4434 2643 5839 7154 5973 2698 170 3631
31 5868 3580 1030 1994 2731 8403 379 821 4496 8148 9038 9015 7529 7351 1486 6033 9665 1092 4030 9791 6964 9126 5423 2830 2888 8183 9061 8311 8612 4133 3408
3 84 2009 3202
9 7956 9913 6068 6058 3398 6026 7068 6163 1855
31 2695 4435 2335 6922 313 2776 8737 2702 1429 7654 7796 9778 6366 9821 6574 2256 7897 4960 1224 521 9995 8408 2349 3744 2391 5209 3080 9220 6917 1207 6439
31 4379 837 9306 9815 1491 1146 9381 4163 9980 342 4651 2715 2854 9630 4512 2560 6906 7449 5706 6144 3548 7067 9008 8451 7813 7374 2277 8168 2032 5939 2509
30 2356 4839 4233 4246 6615 6244 4089 7629 9632 6680 7909 7615 5444 9533 5956 4276 9510 6555 4738 625 8393 7487 1280 5145 1991 9010 6993 8858 8137 1562
31 7399 4094 5466 8351 4957 7438 4256 9612 4247 5301 4669 3404 4843 3824 3484 116 7447 4945 3332 687 532 593 5281 4545 6136 9467 6322 7968 7017 325 7700
9 568 1992 3976 7102 9450 6643 2817 8585 1159
0
0
0
0
0
0
0
0
0
0
0
0
0
0
0
0
0
0
0
0
0
0
0
0
0
0
0
0
0
0
0
0
0
0
0
0
0
0
0
0
0
0
0
0
0
0
0
0
0
0
0
0
0
0
0
0
0
0
0
0
0
0
0
0
0
0
0
0
0
0
0
0
0
0
0
0
0
0
0
0
0
0
0
0
0
0
0
0
0
0
0
0
0
0
0
0
0
0
0
0
0
0
0
0
0
0
0
0
0
0
0
0
0
0
0
0
0
0
0
0
0
0
0
0
0
0
0
0
0
0
0
0
0
0
0
0
0
0
0
0
0
0
0
0
0
0
0
0
0
0
0
0
0
0
0
0
0
0
0
0
0
0
0
0
0
0
0
0
0
0
0
0
0
0
0
0
0
0
0
0
0
0
0
0
0
0
0
0
0
0
0
0
0
0
0
0
0
0
0
0
0
0
0
0
0
0
0
0
0
0
0
0
0
0
0
0
0
0
0
0
0
0
0
0
0
0
0
0
0
0
0
0
0
0
0
0
0
0
0
0
0
0
0
0
0
0
0
0
0
0
0
0
0
0
0
0
0
0
0
0
0
0
0
0
0
0
0
0
0
0
0
0
0
0
0
0
0
0
0
0
0
0
0
0
0
0
0
0
0
0
0
0
0
0
0
0
0
0
0
0
0
0
0
0
0
0
0
0
0
0
0
0
0
0
0
0
0
0
0
0
0
0
0
0
0
0
0
0
0
0
0
0
0
0
0
0
0
0
0
0
0
0
0
0
0
0
0
0
0
0
0
0
0
0
0
0
0
0
0
0
0
0
0
0
0
0
0
0
0
0
0
0
0
0
0
0
0
0
0
0
0
0
0
0
0
0
0
0
0
0
0
0
0
0
0
0
0
0
0
0
