28 7720 523 417 4 979 6618 1917 1485 1120 3637 1861 322 8332 4918 3525 2593 7236 2118 6604 5929 6047 8789 5091 8533 882 467 6898 7492
28 3171 5245 4091 2479 6211 9825 3079 6389 4562 8649 7082 5106 8482 5379 8942 9323 583 5123 1084 8340 3307 6771 7602 2626 4532 2807 9782 4916
29 4166 724 5965 5387 7383 1113 6244 5163 3086 7847 868 7785 858 382 9931 9047 6962 3728 6685 4491 1381 3577 5016 6222 1820 2895 8180 5738 3708
27 9850 8386 4169 3410 4697 3881 1898 4205 1310 4679 560 2020 2878 1892 9673 6924 9471 355 807 9102 160 267 6631 3588 9476 6442 8922
28 3179 1468 5113 8282 2930 9856 6128 3182 5821 3078 5501 7766 2790 918 3853 4538 1013 5385 6140 6095 7954 3712 6782 3015 3355 5780 6952 2627
28 3665 1734 2933 2304 7625 3722 5170 4048 2601 2509 4374 4344 8938 4925 1866 1616 7881 5060 4826 7627 8676 4426 2751 4061 5586 1601 8879 6576
28 1038 314 6416 3763 4156 4903 8679 2322 8728 5659 3191 2825 9458 4862 7271 6453 1632 3329 5636 4253 5544 6455 5085 566 3760 1540 1665 3436
29 7030 7216 7394 460 3036 7408 3297 3427 5975 3144 2943 8844 6811 9207 7075 3961 1351 9162 875 2272 1617 6489 5232 5339 7617 8743 9995 5823 7414
28 6001 5608 3339 4006 2352 7149 7872 3745 2843 5514 995 4266 5874 844 4277 3639 3891 7879 5431 7226 3230 4912 1546 8219 6052 7861 9410 9700
28 3503 551 7581 1560 2401 1282 771 6312 4370 4292 7753 6510 6809 2759 7184 1536 3109 801 6589 4554 921 699 9572 262 497 1255 7608 85
28 6785 1060 5031 5171 5896 9329 8746 4672 5343 392 8623 3416 1097 1853 5943 2889 4094 7975 2208 7535 7827 8326 4150 344 41 2789 561 3952
27 2090 1896 4068 3259 8910 7572 541 4465 1532 7291 8214 3721 8278 866 5443 6350 255 2453 8817 4233 2471 9680 8084 9962 6377 9358 9109
28 7487 4797 2263 1835 5448 3242 6710 5302 9289 5603 7122 2780 3464 1507 4177 9011 263 842 4439 6131 9682 1447 113 8043 3173 8744 3285 9958
28 9136 5503 1014 8949 8053 9147 5353 9393 219 8794 6318 8616 4425 1308 2251 6106 1858 2754 4837 2861 3980 4449 814 3614 2105 5372 8268 8618
28 4805 1364 1192 2293 571 6304 5596 5274 6160 1849 9029 8821 8775 5330 30 3599 7829 5038 5034 3809 6243 7465 3838 4337 2834 1916 1551 2338
28 4632 6931 6482 3612 4655 4053 883 6658 9436 5429 3548 1960 8390 539 6904 6111 4522 2026 9846 5893 7092 963 2454 5864 3717 1891 3857 7162
28 3505 7946 5185 3306 7769 7406 964 8292 1895 313 3507 9497 2014 2165 7587 2387 414 2839 6127 2676 8136 5319 1978 7730 1361 5844 341 6632
28 405 3693 191 2042 684 1229 8737 8645 3158 5059 4223 2548 7001 6544 8578 4240 3068 4868 6020 8021 4744 9972 2953 7332 172 769 5930 4964
28 3632 7574 2163 8327 1562 8108 6299 1012 7105 9919 7706 4873 5661 1905 7171 112 8029 9509 5616 8735 5995 9879 1877 2976 2712 3030 8307 6202
28 811 4949 1818 8049 1961 8726 9477 8256 3304 472 7000 4456 2004 4829 6743 6492 7932 9928 8800 1332 8881 5019 1997 9353 5685 8374 2530 4576
28 6720 9417 2916 5298 9751 738 6643 1657 8476 4262 7802 741 1952 6176 9290 418 1495 3615 4686 827 765 9036 7714 6201 8516 8928 2810 1911
28 9589 2795 3333 9039 8765 163 1004 8518 5369 4588 3286 2643 1321 4723 9252 449 2379 7023 2259 154 6855 9503 2991 6688 6573 5375 6038 9478
28 23 8205 450 3735 2664 4076 7988 4185 111 4579 5327 9750 7300 7346 2006 1819 1763 8429 463 5271 1987 7658 6053 7647 6972 3161 8412 4331
28 6347 4338 4214 3762 6278 4627 5433 3904 7390 7815 7275 2647 3094 5820 7102 1469 5174 6336 6691 8930 3509 6986 8088 4646 47 3970 3422 3748
28 6980 5532 8431 9079 6995 3346 4597 6978 5425 9363 9368 2148 8989 5833 669 407 2411 8643 148 2787 9048 9539 1874 892 4437 637 1946 6246
28 846 8568 61 2506 1907 4694 4350 7592 3675 5749 38 8892 5451 8492 5373 4955 8414 7079 2997 8212 1041 5649 8192 1812 9894 7938 946 7887
28 2583 8657 5794 2640 5680 5671 6167 190 902 8013 4281 5811 3923 9002 7859 2466 4946 1366 2596 6373 6536 4848 7520 1449 1428 9383 1503 531
28 8472 5008 928 6150 4784 8992 7110 3558 6572 1096 3506 1163 6429 7112 7018 2315 2425 4389 9901 3749 9684 4624 3163 1281 9535 4548 2016 3818
28 5613 2335 9251 1863 82 4252 1770 2194 1032 2230 7345 8691 7308 7043 4414 1068 7218 2690 5139 5094 3223 3022 8648 181 860 5593 8819 3634
28 1942 4796 4751 3322 6992 2167 5670 6212 5935 8493 2760 140 1962 1838 99 1832 461 2319 6199 2543 9298 5932 3424 7289 2329 4461 2809 7577
28 1191 2803 6093 961 6030 1760 184 9485 1679 6690 2735 8824 8686 1914 7044 2206 7129 1845 6314 4725 2764 8427 4733 7119 4291 1550 8132 7688
28 5336 3496 8797 8625 4009 6379 1131 8897 9854 2286 1092 1003 2977 157 9390 131 9103 1523 5927 3140 3862 4463 3706 4367 3734 3840 2620 3386
28 1831 553 2604 4777 6283 740 630 5875 8783 9973 4440 8507 3368 1498 3063 1840 8843 8082 5853 748 269 1372 2778 2618 3796 368 9296 1001
28 596 8468 9646 8906 6681 9302 6099 8581 468 2802 1166 9072 5281 5994 2372 494 650 5340 5977 3965 2210 2162 9198 8306 6305 4058 8353 4275
28 1359 4701 5156 6620 1758 5058 6866 4724 7597 3105 5420 5405 8832 643 3180 7758 2047 7064 761 9137 5145 8449 7376 8515 4682 5774 7978 1635
28 5557 612 1816 9669 2343 4567 4282 4745 8700 2835 4460 2124 9081 5909 1451 3641 4244 8866 9473 6004 5576 3578 8576 8749 2510 3404 3872 5211
28 5388 9791 6699 6234 9816 6016 5916 743 1871 1545 2426 2539 3879 8883 5202 3616 4470 1584 1582 5563 8748 543 1086 1682 1937 7029 3530 2659
28 8383 2202 5545 2573 1448 3731 6859 5303 204 4726 881 6585 1650 4743 2464 6223 335 1652 3372 3999 5143 4613 2072 1518 8559 8236 2829 3517
28 3235 3765 8851 6382 5308 3238 8442 6874 5969 1431 4564 9187 799 6892 3463 7159 3013 7578 1823 6219 2240 6774 6103 2393 6495 1105 4339 5690
28 8207 6687 7042 2756 2201 7086 2918 4452 9006 8988 3892 3407 4092 1721 8882 9400 6850 1941 1252 4508 8923 7933 5599 2559 6901 1270 845 697
28 27 7222 288 4436 4123 6125 2591 3243 6296 620 4990 2355 259 5015 5786 4845 3376 9709 6505 9578 8280 4324 4038 7517 6532 3645 2968 849
28 8440 4794 9696 1278 1631 6718 8831 7981 2415 413 5412 933 986 376 3401 1876 5056 1702 4886 944 6391 7224 7857 8567 7478 3138 5877 7652
28 3169 6578 736 3373 7482 6452 8494 1420 2179 2654 7039 7830 5974 5048 9453 9098 5758 4860 9693 3342 7920 8962 7354 7477 8061 3985 2668 8670
28 7175 4433 7694 9956 1644 4942 3335 8460 5074 4647 4732 7560 9278 4420 5477 6991 3805 2929 9401 3964 6122 1658 4326 3214 5398 3083 6969 9914
29 2297 8406 336 817 837 2053 7878 7338 789 5023 9575 4952 5219 8279 6692 6362 3359 9174 5078 7211 8275 9859 4908 7125 621 3664 7422 6804 4087
28 6152 1035 3501 9984 3009 6746 7117 1932 4885 3850 9012 1742 225 3893 9707 2226 5825 1213 2473 3365 9574 6465 7048 1951 2703 3308 7841 7049
29 5097 5967 665 4046 2752 4530 7598 8506 7142 1360 4818 6449 8352 3828 8475 2034 8158 4162 508 3768 2180 1331 4979 4798 3663 5928 5029 5065 7089
28 7639 6796 8481 1466 3845 232 3836 2797 2906 3813 6225 636 3136 568 5842 8529 6009 5186 3549 6349 8467 7445 8811 9034 7930 2291 283 9770
28 8590 8432 2855 9735 6113 6027 4828 2433 4521 1074 8213 4168 8426 5720 7882 903 6905 538 3638 7685 8806 296 735 737 127 6881 6564 7215
28 4447 839 563 1964 8063 8991 7201 1149 2937 1290 6574 4689 2818 9381 9355 1571 8837 2899 7582 4206 4854 7892 808 1287 240 4698 3956 7722
28 2351 8128 6623 9378 7845 1969 8320 9648 8874 373 9593 9855 5080 6060 700 2219 7889 4202 7041 4333 2102 3655 2282 7551 8218 6755 9724 5208
28 9727 5583 5564 7279 931 1165 7777 2410 6944 5189 4153 9218 8661 8807 3963 3213 8336 5150 3880 6894 9086 6848 6911 2095 480 4552 7805 419
28 4246 1424 6635 8324 5713 5714 9546 1127 2303 6037 5064 6674 6386 2893 6072 4549 5205 3378 3973 1561 3413 7055 4999 3552 5950 575 3472 7820
28 4980 3247 3640 1417 9263 9831 320 3830 409 5119 9281 911 5162 2056 9326 9810 8133 4143 6087 2172 8173 1782 2302 651 6203 2779 8216 2681
28 4303 3856 502 9811 3 81 9407 8251 3678 4163 9815 6434 2465 213 9588 2951 1088 8186 9922 8524 6108 6723 2884 2257 1629 3349 3913 5269
28 626 9992 6935 3679 1220 768 3669 4953 9658 5397 3797 8106 1144 8436 6895 6521 1403 2307 8138 9985 5364 3165 2732 5408 2448 2345 2585 6511
28 994 1271 8297 5116 3557 5883 5228 3299 3215 8655 1435 1618 924 5027 4351 3512 904 7563 2650 7940 7736 4210 6478 520 5231 7008 2901 6405
28 5467 8561 915 9128 5724 9874 7957 36 9990 8877 4401 1214 1490 4011 9609 1391 3820 2521 5920 3357 9373 3133 9657 2269 2942 4793 6561 3143
28 2496 1425 2777 2755 7109 610 6990 3803 4247 4241 4435 7377 109 6345 264 5594 7591 2700 535 6937 2621 9374 464 6325 1881 5960 9330 470
28 90 9447 7426 9385 873 1133 5912 5376 2624 5407 2062 8558 249 5093 270 6226 7248 744 4357 6529 2461 7452 3084 9667 891 5667 3918 1323
28 7606 8152 544 6936 5658 555 385 9495 4413 2832 753 9057 6646 5962 5947 8221 8196 5617 9518 6568 433 1202 9181 4020 2776 7837 6161 4659
29 2198 1125 8513 9804 3744 7185 5079 1888 1810 8122 648 1747 8115 1294 2869 8688 7994 248 1201 935 1514 7389 3995 4961 4811 2273 4708 6441 4300
28 9031 9826 6959 5128 8751 1740 7464 4251 670 4888 5509 4284 9769 989 7844 7499 6512 3088 2974 3097 3497 1628 8690 3157 5559 2119 4923 202
28 6770 6597 5136 4480 6237 4030 1542 6419 7629 2457 4519 4869 3241 863 3753 3129 3004 3824 4786 7716 1528 3023 3135 2328 8376 3072 2561 4690
28 862 6897 5898 3866 3164 7637 8239 2679 7240 1317 8878 3846 9158 7739 2671 5485 8310 6443 4879 4781 1979 217 4790 4927 3406 587 9847 900
28 9157 9038 4808 3172 9273 1794 7513 5512 6331 1039 4774 5322 2686 9185 5114 6930 4780 3276 6469 1356 7254 4651 5381 4450 5937 937 2957 7021
28 6668 7704 5345 7699 3898 4788 8968 171 720 8944 3986 1880 7620 3132 9716 6530 4406 5212 2665 8473 5004 4121 3996 1576 5633 3074 4963 2497
28 3482 1247 5865 6925 8162 208 8285 2027 4229 7419 7036 778 4835 1029 920 7795 8461 840 8997 7160 7454 7193 6209 1181 6159 8317 869 7756
28 5944 4989 3383 7020 5829 221 7526 5772 3130 6697 1158 54 9068 2817 8550 3897 2568 9528 3252 3077 8557 114 25 7094 5907 3101 2879 3168
28 3209 9538 8969 7351 5460 5990 1592 6738 9425 6364 8859 292 5691 125 4120 4737 5239 536 8303 7506 9132 9652 6541 4297 1765 8011 1268 2994
28 9213 7539 6890 4217 4834 908 9864 8263 425 790 5647 3955 1796 2730 9595 4027 4059 812 8671 5469 3338 2619 3478 105 1705 5859 1399 1637
28 8364 6425 1140 3064 4152 2569 3741 2613 550 4396 972 6976 6388 2761 2982 3672 471 8626 6394 5494 7391 897 7897 218 9710 4683 4235 2611
28 7006 1030 3460 6459 5258 2519 513 5556 565 6472 8889 7958 832 580 6398 6607 386 3125 5458 9656 767 2089 7128 8522 806 8582 9544 6528
29 2086 2864 687 7026 3391 1994 956 901 5434 3229 5533 2184 3926 231 895 9197 7233 8814 5605 4208 7303 1966 5728 8810 843 6513 8443 819 5255
28 8948 5041 7358 540 6922 5867 5925 1167 5822 6715 1309 6098 4132 1873 6100 9794 7733 5415 9195 6346 5933 5243 4563 2990 4026 3522 4526 9982
28 9718 3628 6664 9559 4910 1283 9599 7927 5570 6847 1132 6693 7157 2551 7656 4328 2407 8571 6789 8580 786 3309 8510 6324 3523 3289 6680 6835
28 1312 7494 5938 2472 9150 3332 3348 6538 4831 9376 6033 530 1176 7663 4167 802 4610 2702 591 3178 6196 5358 7360 1857 9865 3931 9349 7063
29 1752 7186 702 5751 2570 7381 7349 6615 9954 7062 8153 8769 4930 6757 4761 5026 4482 2128 3255 3761 1922 6420 2340 6251 9698 2706 9555 7540 9482
28 5837 6154 6819 9785 6351 7158 3090 2247 3912 5070 9976 3453 2877 9672 5104 3343 505 444 3245 4142 4013 7687 4783 2927 5809 8941 3540 5033
28 7047 7918 9940 2526 2212 7668 308 1525 987 3835 1000 3563 4985 3034 4332 7378 8758 3113 6900 2327 3206 3823 826 2721 6181 3024 7806 7534
28 8961 7343 7689 6961 1241 6657 8609 8249 4325 5121 1708 7076 239 9261 4471 86 803 3419 7624 3296 8101 8485 7287 8058 7107 3226 1851 4915
28 1846 4494 1746 1100 6000 5610 8791 5315 5861 615 2100 6814 8666 1936 5804 5622 2111 7476 9911 5891 5902 9377 732 6761 5870 9615 7123 1596
28 3025 2550 2418 9884 8237 605 4975 3430 8262 1207 1724 5818 6993 6253 7493 3886 3043 5692 8230 8397 5684 6089 6289 9277 6153 9398 9841 1651
28 9446 766 4067 8438 9033 7203 33 4315 4174 3545 1215 6310 683 9010 48 7385 8319 6739 7479 2641 118 9691 4907 4360 2819 145 9918 4977
29 4474 8447 2836 1862 2085 6985 5125 2687 5278 3398 8253 5694 9233 9367 5752 6698 9021 8491 1426 3397 9840 8252 1017 6943 749 6266 5779 2456 9600
28 1415 8896 5511 5115 1776 6464 7891 6766 177 4997 5350 8144 6082 8137 5732 1736 4164 8804 3945 4982 346 298 1031 9524 6783 1801 4345 1363
29 3210 5241 4996 2195 5117 8462 4718 2499 9798 6256 3315 5289 6728 3377 4317 8288 4906 9534 1006 3017 5363 6679 3713 4608 7463 6397 7322 3048 6055
28 6488 2713 4397 2858 9752 220 1009 9437 3167 5687 4544 7554 9365 4288 7924 9564 1906 2173 7373 4330 3270 7895 1669 3727 8660 9438 2215 2480
28 6557 275 4503 8733 8445 8526 1238 3604 1326 3212 6586 5000 9833 1103 8490 6539 2200 4299 6307 9746 9333 8531 7019 235 7050 951 2249 9837
28 3704 3104 1066 9130 5574 9549 9394 9880 252 7784 2061 2255 6581 5839 2010 3662 7999 9567 4499 1757 728 8010 828 6832 2514 2008 5418 8909
28 1130 1691 7439 2037 6556 3049 4514 243 7916 5382 3402 4136 1126 1418 7088 1456 6940 5773 2941 7098 5892 3521 8188 1209 8712 4827 3403 8395
28 4671 4066 1751 9606 5423 9165 5857 106 6553 8689 2924 2610 9370 7962 693 8759 381 9465 6957 4731 315 7659 4270 2885 9148 5948 3038 3107
28 9360 3492 1779 3264 7790 6844 3225 888 5146 2243 9812 5699 600 2428 4312 2581 8720 4261 8674 3915 6642 7301 1527 7713 4412 6028 9697 3531
28 1204 9498 9236 7481 4144 6869 7065 4356 4457 4334 4921 8437 3849 7077 4365 3939 8519 1910 3714 9226 5283 6316 1112 8779 6929 451 2634 4594
28 8183 7708 7529 3324 404 73 3573 484 3234 8466 3484 5169 2019 5122 604 4373 2309 5989 8839 6870 7085 1501 1583 4416 3959 8024 4956 1298
29 2847 4392 9506 1926 2051 1276 3205 6764 3156 6666 2011 3434 3798 2082 4637 4113 4509 3432 7573 3052 2196 9306 8045 121 439 5507 4585 9969 2149
28 625 1925 271 6756 2168 9391 7412 8553 9231 9274 9970 1915 8248 5290 6175 1606 3319 8242 9316 1230 4558 5922 3066 5582 1119 340 3957 1864
28 3827 1512 34 2305 9460 6794 690 4487 1620 7670 8862 2651 4376 7846 9547 6644 649 8420 268 6896 329 6101 8647 3111 8164 6029 966 4063
28 7566 8504 89 8833 9974 408 6105 6744 4640 9634 2891 8335 1972 4578 3692 4072 2419 4865 8331 5267 6401 8157 4468 9025 9579 8891 8387 7936
28 2648 7297 5966 9592 338 2677 3541 2158 8993 5490 4130 7432 228 861 9552 4614 5806 440 992 9000 6194 7902 2434 1728 3710 4590 2213 2630
28 4759 476 7735 4327 2966 2101 4137 6979 5168 363 7767 2370 7589 2116 1517 9214 6302 755 2598 1394 9245 2363 8716 1834 4995 8953 5717 4890
28 2996 8730 4765 4442 4716 5229 9961 7356 7202 7812 7032 5488 1280 6996 6483 3978 8773 4305 2662 4876 9541 6636 7220 6713 6506 4592 4254 7134
28 6543 3551 5917 4917 9790 2701 5863 8911 5510 4638 2928 2763 2390 8886 3786 6119 64 1216 9083 9028 8059 712 6241 1470 9563 9987 6149 411
28 5535 7545 7329 9052 3050 7607 7800 5138 1121 1680 5096 6813 5118 6749 3514 3488 4555 5131 7283 7325 5888 9631 9637 5812 1798 7319 7066 7899
28 7642 9246 8565 3462 9139 8766 6267 6971 1797 3565 199 8967 7701 9411 9712 6786 1161 9671 7333 7504 6641 5025 8169 3450 9912 5618 2075 6301
28 1595 3929 1924 350 2914 6481 2710 4395 5802 5133 7473 9677 2606 6878 8124 6594 5187 4085 905 6383 2002 9205 5495 3946 6308 4998 3580 5486
28 4634 6671 7251 9286 5182 289 2673 6369 5769 6097 546 798 2495 8255 2549 7888 297 8041 9839 2458 7302 2503 8985 4584 6660 8792 4135 8314
28 4922 8653 2005 8829 5226 8681 1414 3480 848 3774 7328 2188 9655 2500 2837 5646 3204 9405 370 4972 797 7600 9813 1957 1975 7002 6639 9154
28 4662 9288 9951 4896 9408 4082 5637 8741 685 9548 6914 5442 5200 729 3477 4424 7676 1931 4750 1159 4102 4342 5981 8342 8846 7789 4540 7260
29 2607 8394 9361 2140 7579 5 1344 4950 4758 6329 8245 67 5854 3700 5767 7196 9469 6461 9533 9142 4234 4569 2079 5402 7738 9505 7194 7559 2388
28 5233 1539 8286 896 9428 5051 5022 7441 4889 7450 3494 2897 2121 5450 9877 6653 9427 9077 3089 4863 3874 8951 2612 640 6704 3345 6830 5707
28 5703 4107 6046 3746 5940 8954 2770 6747 2961 8603 1493 8347 954 4748 1171 8982 52 8684 4894 8380 6886 4000 3483 4531 1316 3758 7294 6164
29 816 3452 9131 3278 3323 4867 164 5390 8441 893 1643 5770 709 2973 1830 8355 1225 7189 1720 1992 1703 1355 2109 2261 6013 5543 9403 9255 5666
28 3581 9740 8592 7724 3811 7867 4093 3934 6230 2558 886 8350 855 7696 4213 8129 8210 478 7762 4606 162 1110 8393 9878 2523 5609 8240 7272
28 4574 8835 128 1860 421 6554 1593 9310 8469 1301 9090 1389 2833 3382 1413 6742 5242 7103 7963 7825 9062 5992 7977 1254 5466 4380 825 2791
29 3860 2698 6778 968 3775 3318 3949 1174 7680 4958 4293 7059 7247 7340 7265 9617 5248 5357 4359 9088 751 3002 1633 787 6654 556 8360 124 8629
28 5030 9887 3027 4311 6445 6292 7781 9943 5090 6860 8089 1557 9490 1879 7431 2757 6758 4404 5708 9396 469 3469 9201 6011 3014 4580 1350 2494
28 8246 7179 8080 7230 2013 3267 1243 9362 4004 6385 4497 4316 4215 6044 6741 492 5013 5554 3414 6558 7530 5250 9977 6339 638 1079 6955 6413
28 773 8545 4568 2252 462 8651 8727 4524 9314 4715 6705 5291 452 3502 4368 2475 6807 6938 8459 5625 8091 1481 7998 7457 9947 2487 6810 5473
28 1788 8607 5476 2244 9967 167 7239 499 8398 6084 9173 3982 331 3251 2369 5982 7438 247 2592 1918 1814 4024 10 7453 2749 9452 1484 7911
28 4349 5801 810 1590 1210 2279 3272 209 1477 4652 70 359 428 7588 7310 5505 5741 3193 3142 5338 3115 7665 9348 1594 731 9463 8092 7641
28 1568 4260 7183 850 3177 3733 9665 800 6236 323 6171 8976 7838 9448 7344 9852 183 4706 1803 165 1388 6254 1718 2667 1509 9293 4707 2783
28 3782 3832 7011 170 5520 9773 2129 7561 8042 7268 1647 123 9303 4045 8422 2287 8226 8396 7832 6023 1438 1570 2694 4746 4228 3816 1345 9799
28 2414 5383 5908 3932 2141 4408 1865 8478 5301 2919 2522 9871 9280 5664 8560 2888 6518 6526 4023 5288 7686 8079 5120 4884 2054 9071 9100 3006
28 2563 9248 1186 9019 2815 5318 7605 6395 194 6344 161 2935 2017 8842 8348 254 4106 3885 3773 7640 9938 1646 5286 3208 5344 2516 9041 3642
29 9890 2156 7871 6003 3764 7176 43 3647 8274 6276 2097 9821 2852 7104 9177 5662 8401 1336 4086 4711 4308 7339 6799 9020 2505 7817 824 9481 7364
28 5130 3076 2524 5349 2767 9915 319 4734 4194 6711 7925 8552 5108 3974 1063 7909 211 6487 3248 104 1475 8202 8556 2638 9542 4518 3305 7341
28 8299 7855 4660 9219 2350 1588 2868 5639 9949 5384 6918 545 8512 4161 6706 6545 7437 613 705 9644 9715 8287 8742 2046 4820 4699 7474 2157
28 9445 280 1491 1700 9640 5307 456 3489 6562 4095 1899 8813 5024 2413 4276 7778 9674 912 6232 6285 707 2421 6981 4407 3993 1369 8514 9204
28 3756 5325 854 1442 2395 8421 5167 6817 2846 1089 4243 5249 5438 2645 7167 1122 7081 3594 8608 4269 1234 1232 1005 7644 573 9916 6269 4712
28 9688 7511 5721 5696 4126 4817 8093 3520 3500 7135 6893 76 258 1314 1409 9830 7630 8269 9085 7372 1775 9318 7666 9065 2093 2306 4256 8696
28 750 159 4390 1809 9484 2801 6676 2908 2039 3388 4728 5998 3246 5808 7725 5546 7206 4070 9896 7797 5414 1129 9620 9291 4702 2357 4897 5638
28 1492 1824 2381 8547 9772 2024 899 1944 6186 734 6820 4914 7990 4941 4669 7200 5040 1623 1563 3282 9638 2443 6751 3237 641 9003 5897 6480
28 8039 4501 4122 4717 3992 4739 4795 9172 8004 3648 4064 2887 3124 387 8621 4727 3895 2133 5931 3567 890 8888 316 197 1227 1288 2781 7460
28 1377 474 8227 667 879 4304 851 7541 8528 5012 3863 7466 6352 6484 1137 7212 645 2792 7961 3900 5089 1274 6619 3459 6867 3962 5365 8392
28 957 688 7014 1675 5999 6868 3019 4134 1028 9093 3280 2382 3095 6945 2424 8373 6621 1780 72 1524 2773 9849 5719 2962 2422 8228 5361 3870
28 4581 9764 9492 3682 3702 791 7719 380 3802 9254 9771 644 7989 782 1353 7712 6353 8119 9017 3789 6297 7567 8940 8527 2718 8501 5551 764
28 8372 7229 8678 8841 8471 15 1095 93 9675 4792 3925 9870 5913 4098 2939 3067 9659 1502 2045 3792 1534 8456 2978 3729 6002 9723 6974 1793
28 1660 8121 4088 8885 2535 7974 5435 6309 6300 7671 1980 3490 5063 58 3801 8175 1117 241 2271 864 201 8704 6058 3219 6169 2999 8539 9768
28 7256 3240 4951 144 9520 515 2838 4642 3724 9270 7243 2913 3635 339 4851 4814 1376 3327 9758 5871 4041 6801 632 5946 2275 5280 5953 3876
28 6190 8669 1021 3867 6815 4639 1612 9107 7755 7664 8260 1585 5894 9824 1392 1488 5958 1732 2131 9386 136 8344 876 37 4479 5161 6498 4978
29 7313 2765 7611 9224 8820 8540 216 8001 3654 4272 5951 9728 8538 1621 1706 4934 6334 7808 8868 6549 9275 3676 932 1237 2709 6823 1211 7774 1648
28 2711 1573 1556 1756 2747 949 2346 3619 4079 8477 5964 2946 9434 7509 7012 6282 1537 2488 9016 9026 364 7905 5589 6086 9788 3979 3106 4789
28 7794 1387 8017 6889 3139 2218 5619 5396 3715 4691 2547 310 1262 7721 1662 8051 2653 5672 7783 348 7198 6903 8902 9170 9001 448 3868 8465
28 1833 5831 498 2384 2841 4314 9803 1299 943 3784 4504 1069 5847 2967 1719 6380 2697 285 8056 272 4536 2476 351 3527 7746 1333 5257 7632
29 2091 436 2649 3044 4200 6485 4069 9182 8458 4542 1668 6954 9250 3568 1636 6206 7803 4648 646 1510 7269 8075 661 5615 192 9927 1313 5674 1199
28 3198 929 3471 7219 4476 504 6427 4809 3777 2646 7284 7282 6719 6457 2739 3400 5531 2321 8947 6555 3032 137 5140 2926 426 24 7593 3071
28 7760 9054 6151 2003 1421 1787 4313 1735 8680 5355 8499 4582 567 3585 1453 5479 7622 481 1480 4719 4528 1687 3374 4664 3988 501 8583 6730
28 7901 4661 5197 8130 1890 1441 8958 2794 266 1692 5304 9092 1459 3199 3096 2193 6104 1231 4016 9125 6259 8863 4319 5294 6447 5054 6235 233
29 3075 5326 3937 1976 1390 397 9229 1194 6328 7709 8677 6145 8752 9455 2540 8295 4051 4609 4399 5602 1251 8014 2483 4105 6503 6988 7537 4821 1508
28 8267 8339 6294 9459 5181 3411 7299 3587 2281 3908 2725 7873 9311 5427 2800 8168 3928 2447 9875 8767 5762 9176 4505 8032 253 6762 4791 9510
29 2146 7382 1067 6474 5005 6966 3300 1433 7993 2531 5192 4028 8435 5761 5191 1496 2110 5272 1806 2696 8181 8065 8836 6645 2170 7804 1522 9941 2451
28 8184 2517 552 4803 7575 9027 1076 7960 5223 7876 6263 4515 3819 3269 7557 4434 4511 8439 9641 9199 2605 139 1974 9069 6136 7435 6240 6842
28 1764 9413 9743 9933 4976 6280 703 1302 2542 6268 4857 3631 4612 1188 3108 981 56 7410 3776 1273 3189 506 5234 8520 7791 5926 1106 7907
28 2766 6982 8027 6363 6073 2992 4486 8423 5757 7462 7776 2178 5198 8925 8796 388 4740 6039 4861 454 1200 6517 8706 7868 8068 8918 3769 6596
28 3233 9814 7380 5895 2186 1681 6007 5457 3185 4929 2590 8943 4147 673 8871 4819 7750 8480 2227 3395 4709 2074 2883 1479 2094 7900 950 7187
28 1599 7205 4944 5461 7416 5542 132 435 7483 8588 5311 5550 71 3393 8630 7124 7834 4654 4618 2515 3624 7293 5575 978 6932 4352 3381 6625
28 8404 3181 5886 8745 7367 9678 6341 107 6162 2538 3277 6454 916 2632 2981 96 9295 6343 2362 122 9843 284 8323 948 196 9748 3202 1990
28 6956 6257 6857 659 5333 6753 8012 9975 7405 8123 7727 2857 5579 4602 2348 7853 2695 1950 8107 4778 8069 5452 2905 9082 6533 9113 8774 1177
28 1143 8502 7496 5516 5148 6242 8756 3556 1725 6824 1913 5292 9910 2657 4128 7515 5541 6249 6839 1844 7137 9486 7754 8747 9805 677 5513 8805
28 5798 5673 1805 4535 7232 4983 6616 2738 8541 9818 4178 2412 8722 7290 475 733 6617 6326 2726 3550 3924 3613 1900 3112 5569 1655 6157 8194
29 9960 8644 8850 1983 3367 6822 8564 4692 5312 8289 5413 5083 7404 805 3152 9668 9419 5378 8379 3738 129 1989 4336 4631 7386 8893 1928 5320 7234
28 6227 4830 8134 9662 6177 8266 1750 7278 8322 1671 1349 7188 6368 1642 5718 8190 5295 1578 6827 8692 4220 7818 7461 4008 9679 3653 870 1397
29 8579 2191 9913 1275 8204 9097 5377 2021 9994 6606 7131 6238 5828 9 3723 2187 8960 4191 1591 1296 4920 4484 2796 3842 9134 2041 2493 212 8799
28 8698 482 2813 3350 5585 3755 8375 9133 437 4520 3791 6773 9216 8066 1358 3470 6396 8757 3263 3428 7434 5221 1841 4490 6360 9765 5481 2504
28 6891 3384 7475 9930 9754 3118 3917 7227 5401 6795 8131 1589 3360 1046 2114 4207 6079 4645 631 6987 8361 622 1811 4039 7106 8225 4881 1868
28 7613 7132 6765 4279 2353 1430 9989 8620 8036 2552 8067 8562 5905 8963 7831 4839 4112 2113 5468 2127 458 8126 6702 856 8409 8272 3633 1773
28 9440 5645 4238 1410 3442 7679 4722 9583 2562 7580 7305 8413 2314 6337 1963 4815 3301 2660 9511 4663 5743 1953 695 6805 8081 5092 5021 98
28 2823 8595 9075 5756 6790 1604 7061 4358 356 3989 5592 3553 9618 7612 2342 938 9525 7425 2602 9230 7904 2317 3257 2812 8979 7261 9188 4875
28 9543 2830 6640 7449 5151 3186 1055 2409 8642 2320 1104 5480 6178 1223 245 9312 4033 8587 483 6525 4675 7169 6560 889 8637 8959 119 6865
28 9561 4801 7031 8624 6516 8046 6255 7944 383 5879 9526 7334 4402 8334 6433 958 2341 1581 3569 3217 9775 4462 6139 6077 415 9991 2786 1235
28 4398 8724 1330 6928 5400 6444 8957 6393 2207 51 1688 7983 5259 4749 5346 7238 6884 2229 6967 2742 1065 6840 8243 3510 7152 2848 4354 3529
28 9488 8085 6610 5553 7528 4104 8913 4478 1759 7651 8369 822 55 6129 9008 5746 2364 222 4742 5676 7565 2669 5624 9766 6921 2902 120 511
28 3968 7609 3051 3698 663 9489 5210 8463 7693 2176 4201 521 2720 6829 2546 6075 101 4453 2460 7646 4928 1827 7486 7342 399 9687 8945 2623
28 9211 3288 9747 5127 229 4286 2622 3858 6163 4363 6609 6999 2900 6291 210 6166 1894 4752 9749 6333 945 9449 9661 9124 2567 2189 696 7947
28 2652 1187 7173 6092 8936 7992 9121 8022 7046 2009 532 5124 1489 9501 1461 3287 3890 2886 6432 776 5961 5872 7619 1790 1543 5734 5178 5644
28 395 6021 5903 6117 9612 3283 1487 9892 22 2722 2078 8755 3134 3010 585 611 3971 6110 7127 3000 9265 2875 8929 4287 9642 2616 7424 1993
28 5524 6791 6754 726 9621 1923 7691 9936 5159 3683 9545 584 7949 3317 4598 9050 4843 6689 8198 4441 2361 9259 6355 4593 490 3207 1559 1627
28 7662 5552 5324 4458 8613 7667 8201 8718 3037 7401 2867 1023 5869 9844 32 9570 2245 6712 6863 7780 5321 8428 5657 8672 7413 1464 3826 2217
28 6845 6330 4754 3476 906 4994 590 8111 9451 5403 9917 9952 7312 7623 1726 1382 9999 1450 2112 9614 1902 5437 9903 485 516 491 7004 5392
28 4753 9194 1531 1772 779 8697 2840 6994 9149 3508 2030 1206 3795 143 1530 7126 8370 5640 9730 1940 4763 7594 9905 1685 8782 3421 5635 2565
28 5262 5835 5206 3855 3291 2166 489 975 8389 8687 2629 301 5417 3806 2666 9424 1169 8023 4604 4464 4029 3526 7480 1786 7280 4197 2556 2406
28 5500 8090 6888 1520 2323 9241 8050 1258 4003 4446 569 8857 237 1091 7130 4676 9683 7217 2723 8312 6165 9146 4265 692 7121 1446 7921 537
28 8346 5160 1712 7552 7116 2236 236 3170 9327 8593 4032 39 3686 3778 4633 4080 4525 325 2344 1649 6514 293 9536 894 3936 3274 4714 711
28 4760 7427 1807 2469 3150 1715 3033 9395 2233 1248 1226 2986 7072 4090 9935 8031 6384 7210 7262 8825 8064 4755 3688 3800 7991 5471 4775 8402
28 570 7277 1704 2971 1178 6520 7375 2608 6535 7304 7407 2826 5890 1847 7586 3370 9387 588 6054 3475 8785 4729 5341 5702 9143 6798 7362 8898
28 3363 5147 8952 7253 9268 2912 3479 6215 7952 1259 4856 2948 2033 6508 8378 4335 5539 7292 5750 7634 4073 8474 7512 455 5725 4680 3901 3554
28 3611 1817 6319 8890 5598 9963 930 7369 9986 1693 1516 8907 2080 3807 4199 838 8497 8116 1291 5697 725 9603 195 6769 9517 9586 6542 7886
28 4473 8709 3579 3951 4710 8937 606 7489 9619 230 1837 1292 781 2092 6670 9598 5484 7181 2164 279 3658 8635 1311 3098 77 1615 282 3570
28 1472 5955 4507 7335 4050 1795 4307 8920 1603 110 5175 7525 9739 3759 6696 9196 955 1242 1246 8098 6831 2190 7564 6022 1958 5918 7850 3504
28 5354 9321 6729 3781 9702 9721 2258 3420 5084 2955 715 1182 6085 3065 6502 9681 4232 6406 5463 260 959 3626 6273 3369 8100 7246 2431 4625
28 4852 3902 2954 6032 3707 2775 4703 7751 5253 4264 1526 9993 1933 1352 6450 274 6768 9487 3539 7067 3966 9305 1443 4366 9705 6068 5489 7775
28 2378 962 4807 5675 3405 5868 6816 9461 6750 2595 3546 2502 2408 2984 922 9122 4570 1973 7447 9269 2035 6158 372 5677 1474 2881 1136 5836
29 5370 8453 8073 1036 5968 7621 91 2744 2917 1777 6015 2083 4410 6137 3889 5409 5037 5393 1619 853 7971 7562 8838 4369 8018 6184 6189 9802 5193
28 3815 9594 5653 3987 4034 5082 8798 9939 6550 9308 4431 5701 2076 4601 8489 9616 6403 5816 9597 8457 6126 3294 7139 8823 2537 4042 7885 2661
28 1938 3145 3575 2012 6563 2873 1198 7675 200 9203 5904 5404 7459 8446 1142 8860 2445 5236 2022 9807 7444 1018 6661 2491 6818 8916 4502 6656
29 3877 3265 9441 5247 291 8966 4221 2331 4545 4055 7091 7928 6115 1661 9091 3677 7912 3884 9920 9711 6081 5753 5225 3493 5805 2067 2371 7471 5987
28 666 8546 4773 7516 1737 7773 466 4621 1549 1792 83 642 5611 1761 153 5737 9217 4493 2402 4513 1077 8163 533 7683 2177 2544 936 4871
28 1109 9340 2365 7698 1600 5783 1521 2238 795 3069 9720 6582 9228 877 6418 5268 5447 5389 3718 46 2347 1208 6239 6534 8994 5006 6737 2155
28 4077 4469 446 69 1465 9258 5351 2450 841 431 5580 9703 2842 1406 3461 7307 2972 8425 6759 7959 6070 3087 7101 3141 6408 2959 4962 9343
28 8407 6781 6200 9632 5456 5144 675 5218 7317 400 8318 7672 5830 8007 5067 2326 635 1224 5841 5111 1949 3221 3224 3998 1762 1071 2814 8096
28 8995 9742 8903 5669 4455 4933 8569 7296 2142 9126 8628 3817 2416 1829 3026 5565 8972 9647 4653 5164 2455 5710 1500 1337 7396 7951 2400 447
28 2636 3236 416 8464 9123 9590 4730 4673 9491 2511 360 1709 6018 1467 3175 8732 2740 2806 4187 342 3933 3572 4362 818 7100 2716 1327 4747
29 4616 3256 94 1822 9454 3292 2609 311 8914 9442 7536 2808 8665 8020 4779 9430 1050 2492 5572 97 1605 6592 6602 1347 5459 1022 9650 3375 6216
28 993 3562 8125 3598 601 785 8970 8673 5323 871 8668 2656 3314 3456 5727 6968 8867 9998 9611 1335 6118 2438 607 5342 4973 5678 4586 2587
28 5465 9284 656 2399 6284 7715 8176 1368 7869 9317 5474 9964 1244 4218 7058 8990 2631 1789 5986 9009 579 3070 8433 9032 6828 3148 2031 277
29 1141 8057 5213 9215 1429 4677 9955 4472 739 8912 7614 4290 1695 8038 8762 1439 8028 7231 2625 742 8405 8408 9508 5039 6327 617 8548 5240 6575
28 207 7995 9756 6509 3524 1985 2429 9762 4444 1676 6138 6552 1934 6735 559 1221 9507 2910 9624 9005 4626 1153 18 5560 2203 9422 2594 2582
28 6197 2820 8026 7982 7985 4248 2154 7054 2477 290 8147 7213 1436 2743 5426 4146 6861 8313 8300 5362 5165 3861 5300 4850 7164 2911 1184 6942
28 7324 9872 554 5537 8193 6504 1300 8264 6559 2183 4665 7645 7237 5993 5716 1713 3605 4118 7314 1970 6662 5141 9335 6907 9900 7858 8619 9882
28 7148 6808 7695 7922 8118 5945 8865 2334 3711 8025 7472 7423 5282 2576 3446 5519 830 762 4372 3029 3736 6370 8739 4705 7544 9164 8151 9404
29 7633 671 2069 2876 9076 4393 1689 9380 4799 4483 3743 4375 8035 4603 3271 4855 9893 6965 9144 6381 8570 6467 6917 4320 8117 574 788 8114 2288
29 445 9858 8166 1670 1080 5360 9356 7915 6547 8206 168 6460 4992 9279 557 815 9734 7570 7964 5087 1513 2377 3586 4959 5549 5650 1697 9558 5453
29 9714 3387 8870 9797 3696 3757 5683 3997 8876 6708 5366 2153 3834 7884 9024 3458 7700 7143 1903 5923 658 4968 5380 8203 2896 9474 7926 9968 1289
30 6638 7418 3899 5472 3954 1293 9504 939 4044 7374 8573 997 4295 1544 3747 2278 3814 3790 244 7403 4022 4445 3447 2063 7508 6311 9786 496 9604 8484
29 1577 9328 5528 7191 6410 7430 2295 2232 3018 3481 1269 4021 4179 909 8148 6841 2564 2174 6734 5179 3617 4427 823 3687 7542 1010 3062 2267 9932
28 4960 4049 7402 7969 2578 5797 8834 6409 5496 3340 7503 9502 6025 777 7035 6540 5487 6760 7732 672 6107 9013 5765 8535 44 2907 4556 9192
29 9435 602 9568 16 5109 4192 7327 6205 9457 5296 7190 6183 2998 133 8135 5978 4492 3325 6195 5754 1478 4242 4155 714 7518 2571 8187 6121 2678
28 7937 2993 1285 3919 9806 7798 8634 2313 2525 1118 1683 8189 2066 4583 1667 4109 4438 8155 3162 246 4211 8411 7073 8606 4271 4872 8290 2719
28 7822 8551 3656 3201 8234 706 3091 7840 4630 5976 6856 8294 6882 2944 1145 2015 9169 6649 9530 3012 3843 3591 2392 9953 2866 8305 2099 8887
28 9988 2851 8710 9352 8530 4636 7910 8488 9223 8238 7950 6590 5332 680 9299 2283 2292 4035 8054 4770 4932 9379 8451 7524 8803 1634 4940 977
28 6392 4078 8143 1051 6595 5654 5348 2136 4083 5045 8760 7009 1128 6114 1552 6451 3574 4010 4595 495 6031 1529 8179 5359 6059 5729 1533 8479
28 660 102 8415 8566 5244 8575 5522 250 9267 5028 6210 7355 9651 4986 9902 6629 1673 6387 7168 8822 4198 1019 3542 8777 3938 5276 9152 1778
28 6603 7828 8740 6155 5263 158 6634 3439 2983 3254 8258 6997 4430 2682 9060 5827 5199 6050 7003 5641 867 1072 8302 1580 616 8416 9971 6537
29 138 2863 1768 5997 9190 3610 941 6361 6473 2892 7522 5279 7370 406 6873 6134 7221 5651 6527 176 7548 3990 9623 8174 486 4841 6947 8753 7649
28 6669 1641 3361 429 3907 7980 813 9078 3100 980 5597 7811 609 9118 1771 4883 3837 4054 608 8086 727 2579 9948 3081 8002 396 6332 2007
28 2182 558 8977 3694 2253 5726 5224 6295 8641 9885 4204 1867 8591 3390 9796 4756 7626 180 8973 2871 1722 4620 2025 6838 5261 8596 4832 1185
28 8315 4141 188 9042 4151 8663 343 3513 5887 8040 9420 8505 2316 2404 2970 9876 8667 1240 326 8161 1755 146 8160 8555 1947 8060 2143 6806
28 4071 2452 9868 2038 5483 2339 1547 9571 9781 5763 1189 5963 4892 6298 8761 3896 4149 1640 4133 9897 7420 4971 9433 3848 6356 5849 7174 3021
28 5057 7914 2554 4099 4186 6123 2375 8454 4348 4736 7209 300 2122 6272 522 8610 2692 7823 6964 3967 7786 5328 8308 2964 3859 1486 6960 6279
28 1753 6424 328 9685 4249 4573 8754 4089 5748 6630 4062 9842 1948 9845 7099 7556 9140 6124 394 8795 7547 9399 5558 88 5882 1015 7965 5273
28 1386 719 256 130 9384 4181 8006 9753 1767 4432 6357 3515 9628 603 4551 4340 5880 9070 8984 1379 5623 142 8632 6431 6415 2904 8986 4635
28 3155 9159 68 7864 3295 9777 2642 662 9808 5293 6069 9664 5018 7025 9763 8223 2727 7813 5799 3788 6880 542 6909 9557 6709 9080 4516 9431
28 8097 8099 698 8003 6973 6767 6566 2337 2536 3487 7409 8808 4379 4343 4776 6998 193 4310 8199 774 7497 7266 6579 7523 509 1385 1875 9556
28 9049 6042 5889 2228 60 9462 704 3103 3780 1020 4782 7387 8605 1929 1856 9325 5394 1781 7635 3394 410 4810 942 3351 7970 427 5736 8683
28 9155 8849 1040 7979 7084 7180 6221 8577 4938 6584 5238 2474 403 1744 7363 758 6180 5252 3433 913 1984 7913 2336 9074 2248 624 9645 5007
29 152 4052 8434 4909 653 7436 2301 6652 8793 9499 3110 3058 8604 3695 8254 9823 8707 5098 9701 6043 6034 885 9004 5996 8247 4224 1150 6088 6422
29 7782 9111 5555 8052 1558 4001 393 5759 8848 9178 3228 9979 510 7242 1504 7681 4496 7353 6120 5103 2486 3200 8388 5764 8695 4561 6883 2268 7145
28 934 820 9166 6493 4386 4355 6779 5784 2403 4158 878 525 2685 2049 2845 2872 618 6288 1471 9566 6700 9210 7252 9301 1266 7214 7801 4771
28 4119 4804 3772 4318 4622 8250 8933 3281 7660 1971 8617 1460 92 3705 6338 8713 5590 7500 4475 3690 8030 5824 2437 5538 5110 3779 5216 9873
29 9601 2672 8971 7244 3620 1264 6322 150 3203 9883 2260 872 4547 6915 2615 7013 6170 5003 9779 7550 2222 9722 7501 8955 652 7856 6404 7908 3227
29 4764 4322 9257 2169 1124 4628 2439 117 3770 1307 2055 3273 3284 4294 8338 8283 7546 2299 7684 1400 1463 1982 1586 1714 3940 390 5050 4014 5885
28 701 6229 910 286 8083 7144 1412 3040 9059 4931 6185 9087 1935 2675 3128 7763 3927 8900 3244 1180 4245 2575 2545 6797 1404 166 6626 5561
28 3423 13 8170 9787 2145 2126 4858 174 3195 4785 203 1908 865 7809 1094 6438 2043 4321 8259 5194 8301 9313 9819 5660 3196 7731 7839 8816
28 1813 7584 2332 7638 1745 443 971 4387 4025 619 2931 9908 6763 9694 639 2185 6306 6494 9266 6132 6913 3787 7197 2376 1626 6303 1991 6017
28 3353 5919 9202 5881 2239 5949 8410 4587 8840 1370 5906 6651 1444 7792 3441 7199 8139 4541 4451 3566 1026 757 4267 149 5173 9347 4268 8351
28 1048 1965 2152 1148 9189 5086 5368 7538 2489 7468 1011 9247 2923 7321 7692 6321 6953 5419 3031 6270 3793 9550 4012 186 2731 7726 1739 1367
28 5777 9282 1842 4650 7742 9096 4323 4550 4385 8723 991 7824 8855 5073 6156 7757 6376 17 9706 829 6067 6342 9450 7618 4688 4954 2532 1315
28 2417 746 8177 5153 7295 2394 3114 402 8646 7330 4124 4844 115 4074 9996 8926 3869 3465 7357 9521 4007 9369 312 2250 1396 6074 2969 6135
28 7674 8232 3258 377 3659 6421 1093 80 3821 3176 7761 3606 8536 6063 9923 369 3799 1511 7495 4899 9834 5814 3947 6293 7192 8731 6094 6663
28 4974 5062 5771 5632 780 7177 9467 9183 5176 1883 7257 4591 9249 6908 914 4280 4693 5628 6792 1729 5203 4173 3498 1374 2270 3092 3328 9827
29 6975 4935 528 8778 9397 3275 1854 8572 4575 8316 8224 9500 1044 2724 3028 9309 9209 6946 9867 2898 668 206 880 754 9285 3583 2850 3555 7207
28 78 1587 3972 6970 5668 238 6411 760 7111 5277 5578 2325 8734 7682 4157 2060 2432 3184 3822 4429 6605 1843 9950 3045 5813 5491 9018 5227
28 3766 1717 5939 477 9836 7485 7337 5850 1098 7038 4040 3035 116 198 1968 4902 9066 2070 7350 9171 772 8209 2597 8788 8935 4947 8298 6133
29 1826 3153 2890 7060 9899 1217 2298 996 926 6872 9035 2120 1172 3981 512 4488 9513 6724 424 2449 1324 9610 6281 374 3547 2501 4422 7655 4361
29 5014 1769 182 7384 9382 5416 7286 5506 689 5177 6989 7267 8956 7005 6228 3102 9264 6963 100 9965 6071 5735 5184 1686 9208 205 7772 1791 6148
29 3709 8946 4543 4239 7707 919 8072 5587 2064 5700 9921 8222 5137 6721 337 7172 3740 2975 8113 9239 1008 3673 7490 4222 581 3197 9829 9607 960
28 5832 175 8399 7648 1053 9980 6519 1904 2574 7765 3608 1002 1303 9736 7948 2125 2484 7737 8495 7366 8729 5807 898 7799 2398 1967 6435 6647
29 2209 526 1111 8875 6374 3266 6622 6286 4017 1602 8358 1402 1988 4713 6414 5971 2224 3596 4847 3485 6372 6066 459 3841 8736 8077 7934 2134 7348
28 9014 4523 4766 7929 9120 9708 2920 6902 6793 135 8391 8296 8231 9792 7973 4148 8614 2087 1286 3600 2880 8357 9496 6248 4984 4600 3366 6732
28 4466 4065 7448 5129 434 9629 6551 9795 8154 4864 9375 9780 3356 6471 5230 7779 1272 8847 8444 8525 4154 1155 1497 8818 7788 1393 5845 7165
28 2265 4768 2000 3099 5826 3347 589 8328 9851 4527 3362 1329 9300 6684 6836 1054 7155 3253 1190 657 9926 9206 50 7052 7807 3451 3008 4111
31 1574 9191 3701 3312 1398 8884 9322 2018 4193 1083 3364 4988 2262 9464 7919 5695 1828 985 8537 3751 9493 8430 8359 1454 547 4913 3719 8715 694 7917 836
29 7883 654 5475 8781 9095 8418 3703 7379 2728 2689 21 4127 3147 4180 1553 2237 3409 5331 4911 9337 1078 6733 349 442 7770 2737 5789 3467 9895
29 8424 5046 9336 6655 7543 8584 1203 8790 8235 8638 9067 7071 223 8384 57 9666 2462 5755 9426 8496 1384 4075 2655 7228 6490 103 2481 3188 592
29 7576 3123 2874 7894 3331 304 5682 3486 9853 2788 718 7771 5497 6486 3894 234 4838 1033 6417 5047 7571 1107 5305 9978 5196 3057 1473 9354 2507
28 8786 9371 3630 6871 3268 9719 1042 3651 6470 7097 3379 1419 4428 3321 2704 3344 6726 595 307 6193 2628 4599 1318 8542 7154 6041 8589 6064
28 5254 1808 5973 874 6102 1855 2221 679 1064 4263 5035 353 7056 9389 7276 6448 5924 716 3621 1901 3564 3725 9063 1375 5536 3668 7371 5988
29 4611 306 5934 3005 7986 7723 7488 7393 4454 5100 804 7935 5441 9160 6399 3389 3455 226 3056 8869 5745 8508 1731 4721 2211 852 5002 1690 8311
29 8078 6950 5209 4870 9636 1380 4096 8594 4589 7455 8894 1630 8145 1483 5800 8787 1613 2231 1058 1164 8664 3538 7987 5337 251 8195 9866 5204 519
28 1566 681 5334 4769 432 9761 9909 2771 1354 261 8602 1168 7877 5840 8341 1114 8200 5081 3473 8 5858 3093 8622 2427 6920 6673 2925 4418
29 4891 586 1339 5069 1059 8549 1996 6446 5406 925 9056 8815 6367 6612 2204 2508 6146 4836 1265 6949 8452 8719 6899 5515 730 9423 9731 9643 9212
29 2717 7653 7984 2599 4560 4005 2058 2745 9338 9339 9690 1825 1920 8486 1170 95 7558 5422 7208 9532 2932 9114 5180 6593 8241 2088 7631 6598 6479
28 4182 5371 7115 7309 1197 5102 2468 2762 4117 2071 7816 9332 9179 7532 305 3657 4800 4738 500 3916 2958 2934 3154 5819 9061 7223 7966 4364
29 2584 9168 1956 3921 7890 6876 5693 7896 9660 6523 9889 1395 1371 4423 6375 367 6323 3046 6678 3976 1432 3726 2374 2405 3354 2308 371 6843 6588
29 3636 6507 3878 2512 4415 7603 6826 5157 927 1219 9760 7068 1320 7150 8329 6147 2216 5399 3222 8419 7599 366 2865 7505 717 3120 4512 6173 6090
28 3873 3590 4060 1407 7650 7249 3667 5010 5862 8483 8917 7352 9372 6187 2617 3437 3418 5567 1743 4846 7814 7263 2553 4510 7616 4274 3697 7718
29 3491 2805 4170 3440 9129 4175 8368 3625 9084 4500 3330 5309 8337 2811 2683 9344 1057 303 8016 6035 8809 7311 2824 6499 5275 8776 5591 6179 4188
28 4467 8141 3911 9470 1608 4165 6731 3326 7728 3532 1082 9862 907 7740 9256 2324 2290 302 5246 3466 1476 3864 8852 4741 8845 990 1027 3808
28 6570 9888 9591 8717 5207 6005 2391 7866 8000 576 5601 7531 5766 9414 7146 4421 7673 5957 7433 5099 2733 708 7498 9886 6745 5430 2670 7996
28 8044 327 6265 6250 2396 9625 3914 9898 3341 2175 3336 3298 7429 3629 8140 1783 514 8321 4842 7826 9105 7250 6694 6076 79 5256 2985 7178
28 9106 6423 5941 3511 49 2768 4309 6359 8076 5704 7336 6927 9906 6941 6591 1457 6565 1047 8304 6736 1569 1362 6858 1061 9112 4895 3468 1738
28 5482 8220 7793 3519 2860 9937 8417 1440 1541 4900 1986 4101 2699 3543 3944 2151 9297 5884 8827 9432 7170 6852 5873 1878 6717 4346 6821 4605
28 7849 9180 5984 7636 1024 8693 8381 5424 1882 7745 4140 9089 3454 6951 3003 3888 2130 9596 4787 1075 7874 988 8965 8802 1981 4619 8574 4866
28 6428 4189 330 9732 7442 5251 9494 6752 5739 3320 332 9704 1085 5782 5135 7491 1927 5001 1565 5335 7057 9331 7967 7601 20 9023 3279 5410
28 8598 577 9635 3560 1597 5066 5201 1151 6919 2989 833 9412 2276 5848 8901 318 9119 884 8291 9512 9319 1455 11 3438 2311 7741 2349 6546
28 3216 1579 2330 1037 1325 309 792 9406 8005 6567 8150 7400 1698 8185 8675 278 3535 9776 1955 6247 8600 9472 9514 5629 2938 4735 7997 9163
29 3187 3922 5195 5134 4824 3671 3851 3001 8812 5843 8652 4383 9222 8509 5072 8780 8087 5731 3007 2490 7 9225 6583 9221 5391 5711 321 7747 63
29 156 5454 7395 1909 5910 952 8924 4015 1836 9848 5547 4945 6213 7860 178 5356 8975 9981 1684 6875 9357 8738 7093 6 4936 8830 9161 7555 8694
29 45 2995 5049 8120 5612 2137 682 5446 5878 597 7024 7939 5428 2463 831 9232 2708 1073 1624 8703 5788 8521 3994 9881 1305 5747 5621 8964 3595
29 9475 1999 7569 3149 1152 3122 8257 1340 1730 1304 8055 3825 8659 2235 3220 1052 6802 8034 3737 2827 6458 1162 8853 4108 4615 8750 4257 8631 6787
29 187 2849 9942 9522 4607 1016 3783 4566 9415 465 8215 8191 4658 3812 4417 8597 5648 3293 7943 9516 401 9757 1297 5521 4411 4384 1638 4685 4329
28 2586 9351 9104 3618 4926 4195 5706 4394 4190 9737 7037 1889 527 8639 7258 2949 9040 3960 2420 4806 4216 723 9167 1716 9934 5526 7470 2528
29 3448 2870 3533 6463 9817 6677 4948 4116 2680 3865 5793 9793 5395 5600 965 7615 633 1 923 1884 1945 6477 2987 7595 5985 6667 6320 4419 4171
28 6198 3831 457 5914 4966 5313 5166 6057 6218 8211 6188 1045 6948 3303 5581 2077 3650 6725 2029 1733 9519 6080 2566 7717 4138 8244 8771 1954
28 9053 3249 7015 7421 1049 9515 6500 9585 9186 6515 2373 686 4667 4546 5504 5095 4125 5154 7133 763 1284 9402 4403 1157 2862 9613 3474 6142
29 9151 9392 352 598 7151 3623 6727 1322 9044 2707 7743 9654 5834 7118 9334 5652 1383 6466 8233 9944 5722 3750 2117 1108 7711 8165 7729 5656 2103
28 5876 2600 9200 2715 9966 9627 9537 2748 3544 2960 7955 6354 9116 6174 4160 1535 2108 9653 8171 4987 5866 29 4409 441 7705 9244 7764 4097
30 6056 2854 9695 6258 8261 294 5744 62 9240 4306 1256 3603 9466 3730 9959 2300 3499 2181 7040 8208 151 5449 9364 5158 3943 378 5374 7315 5517 8105
28 2150 42 5595 7458 2048 3716 147 6522 420 7931 594 6191 3975 3584 4371 1416 6851 398 9345 3666 2277 4537 5776 1277 9633 7166 1727 5915
28 6440 1408 8934 3903 3582 1123 473 134 3882 1081 3742 384 334 6780 1452 7893 999 9262 5655 7398 5626 9744 3977 752 9924 8880 953 7553
28 8103 9145 3681 1139 3396 6912 2057 9622 2853 7768 391 4533 5352 9287 3646 2220 6977 8309 6476 4670 562 242 6926 6141 5527 8682 578 4767
28 4115 7678 281 3385 8699 4084 3443 9456 8349 9531 5222 3670 5768 2242 6026 982 3250 4043 8563 4301 7821 5663 783 2285 4381 9863 9388 3444
29 7318 9058 2241 5740 5566 629 4183 9439 5760 8182 1423 5584 6378 6182 3061 1598 2312 354 6939 9429 3969 8071 5190 6260 8708 1939 9580 2956 6614
28 1134 8544 4259 2459 1422 9907 7259 365 1821 9153 4833 2052 6456 710 6772 6611 4970 5810 9726 1116 488 4283 1506 9022 7114 4981 9094 3334
28 9581 7138 9820 3260 2736 8277 1674 1998 4880 2274 7484 1228 7007 4382 5152 8908 6204 4704 7027 4853 6608 770 5217 6887 8110 6008 9869 5681
29 3183 8858 3119 5815 3844 2147 7361 3871 1253 2947 4822 8284 7941 345 1135 8095 379 5287 6853 438 2831 423 2284 7306 517 65 8062 2296 7502
29 3592 1179 5149 5942 9175 4227 35 1784 2470 9733 3166 5036 4100 3685 4617 5299 9560 3602 8271 1850 7669 7182 2856 5445 3930 940 1678 224 4678
28 8172 1434 2442 9891 2135 215 8293 3854 3192 7661 1852 3194 3839 5411 8601 5577 7898 7585 4924 4405 7051 9479 6501 7972 2478 9320 4674 3059
28 5588 6430 4057 9227 2965 5860 5796 9184 4341 4641 4489 6224 9007 4081 2882 5775 8999 756 7510 8403 2688 4849 2588 1930 8146 7074 6722 7854
29 3039 9738 3875 9304 9073 2633 8711 5742 4145 1610 4898 6648 8455 1147 3942 984 8599 324 599 3732 5979 8382 4209 4993 7281 31 9767 9838 1766
28 5959 6340 4757 5077 4529 9115 1373 7467 4874 7045 2799 7863 5852 3121 8915 1664 6714 4103 507 1043 2073 3561 8905 3011 1815 9828 6633 8932
28 7320 295 9584 40 7744 4250 970 4969 1802 2132 5781 1723 529 3415 8650 1070 5790 5493 9480 2192 4939 7657 9101 5009 1279 7156 4353 7399
29 2758 3660 7235 8586 6275 3380 5126 2774 2289 6740 257 9983 9051 8371 5075 3920 3576 3231 7285 7095 5421 1663 5785 5665 8343 3041 8037 7533 973
29 5266 6096 8927 3302 2430 2144 1138 1245 5911 4110 5068 6672 2397 4919 8109 7053 4129 299 1741 6571 1343 317 8763 3948 9582 2385 4237 2386 582
29 3190 6599 8654 9699 6748 1554 7870 8532 7163 5235 5055 4657 4212 412 4943 2527 8996 1645 7141 3852 28 7862 5155 9342 7521 9064 5698 8167 6014
29 389 8019 6683 4937 1505 5705 9242 1160 4273 1839 6800 1754 9809 5367 5972 2741 9483 6400 9626 4649 6934 6290 8104 5017 5795 4695 9774 7270 3767
29 6261 1666 1365 747 676 4400 784 3804 5439 5568 4559 9554 8939 189 5220 6048 8276 3085 5498 3337 2816 4859 8772 8363 1800 3607 1295 1212 722
29 2234 6130 6497 8503 1250 6348 5052 4377 1411 1427 59 7195 2520 6024 3983 6365 2798 887 524 2256 7945 8998 9789 7583 6784 5032 6776 2952 4539
29 8450 9832 2785 479 4219 593 5499 9745 7880 7835 8330 2040 4002 430 7702 3941 1887 5899 6958 967 5620 8229 9108 8685 4666 4840 8585 6264 2436
28 4967 5679 3534 276 5534 3412 4302 3528 8517 3785 7942 7108 8721 8448 628 623 1173 5464 3408 5778 4203 2560 5518 2383 2104 6358 2123 518
29 2822 9822 6879 3316 3953 7147 5478 1222 2161 358 2068 4882 3020 8345 5265 713 5076 1611 5980 7710 6468 7113 5088 2197 2214 9045 2059 8768 6491
29 1959 8033 9037 1205 2963 357 3847 185 74 8904 1694 9857 1405 5306 1146 7069 7514 3571 1656 9946 2366 6144 9193 6335 5386 4762 3958 4255 9649
29 691 8725 7397 4481 3950 4018 4553 9565 7392 1897 4684 84 564 8826 2534 7033 6426 4893 759 7241 9639 1859 2160 5571 2264 8895 8784 3080 969
29 2734 9670 6214 2 6910 1462 7087 4231 1707 4388 9260 1622 5791 6701 6006 361 5642 9551 7848 1101 9663 8102 2784 2360 4877 2572 2915 503 6065
28 835 5604 9243 9755 3518 1239 2359 3644 2541 9220 6233 5440 3127 1056 3609 66 4623 834 2246 6682 2081 7034 9608 8112 3661 796 5970 1653
29 2368 3883 9366 5237 7323 1025 53 7028 8828 4577 9835 6862 5689 3622 7298 9421 1886 9046 3261 549 7446 2159 9569 2294 8554 1263 7852 5991 7456
29 3425 4506 5952 8356 6475 375 6049 8365 8873 6675 5314 4019 2044 2859 8015 3211 7836 1848 9929 6775 4285 3053 2729 4681 4905 5548 9573 4965 3810
28 8980 9141 7787 4802 6983 1515 7865 6112 2674 1555 3313 3146 4696 1870 6716 4258 8534 5631 2988 9783 1696 3593 2529 6317 9713 3457 2467 265
29 2922 6885 9117 6168 1175 678 8281 7347 9725 5900 9562 3055 5347 3449 1249 3137 3073 8217 5043 5444 6019 7140 4485 3426 4571 3601 8270 3829 5921
29 4114 7851 2793 8400 5310 7519 5525 745 141 6277 2513 1564 1034 2577 4226 6462 8764 6628 4056 19 7255 6116 4036 2115 2844 9030 6371 6650 2084
29 2921 4172 8983 487 4957 8615 9540 1342 3905 8974 3262 6287 6531 6010 5132 3674 9283 1156 7628 1087 9271 6834 6548 3752 3239 7968 3589 8470 3082
29 4904 2446 1437 8919 8273 6062 8178 173 8377 7078 8325 1799 8611 2280 947 6220 2714 6315 6695 7956 976 2356 3699 6040 3909 5787 2380 2936 1921
30 2635 9997 1893 7120 2940 5020 7842 9238 6854 5838 5508 5329 5803 3435 1458 9729 775 9553 3754 6777 6803 7274 2199 983 859 7090 4643 9860 8009 7527
29 6812 2603 4878 7331 7976 8714 1257 6036 2266 1609 6412 4687 4823 6192 1885 6837 4700 5688 6083 347 1357 4772 1183 2065 9253 9778 4459 3159 9784
29 7643 7759 548 5462 2769 2746 1639 9235 7748 87 5856 3431 3290 1261 3054 6846 1977 4596 1338 9294 8662 6109 1912 7440 8197 453 5317 7903 9741
28 1711 5455 1196 6231 6407 4391 6262 572 2435 5183 2909 9110 1319 6143 1774 998 2979 2945 4498 9801 5630 3691 4296 857 2691 2828 287 6217
29 3060 333 1062 6402 1499 8701 4495 9315 2310 2318 7415 4047 4565 2354 1401 5956 2705 7273 4534 8367 9234 5715 5792 5686 2498 7810 2441 5042 2518
29 2139 2223 7096 3016 3417 2358 7022 1804 3429 4031 1749 6707 8899 9135 4813 917 9292 1195 1710 2580 1334 4816 8633 3559 3649 1115 6496 126 7368
29 3516 7080 4236 26 2614 2036 2106 9055 9324 5502 5530 8008 7596 6601 6208 9359 3047 4557 7225 9587 4225 5264 5011 3352 5936 12 9444 8265 9577
29 8854 3117 3720 3643 422 1659 4887 6686 7316 1519 1218 9529 8801 5817 664 5540 2821 2663 4812 847 7749 7451 9605 7734 1378 9099 6271 5284 4131
29 2440 7590 1348 2557 9416 721 3536 2096 5188 3887 1872 9689 3310 9043 8149 6439 6078 5614 9156 4991 3935 3358 4176 9686 7923 4517 1607 6587 9418
29 6933 5634 5492 2482 5855 4629 1677 9272 6436 974 3794 1548 3131 2589 1482 6624 1567 8333 7428 9237 8705 8354 5316 1869 9759 5285 8070 5851 2894
29 9861 5954 8366 2693 7161 627 1236 3151 6274 7703 1233 2050 8931 7549 8864 2225 4656 9717 8156 179 2750 6825 821 3739 6916 3906 5712 9015 6051
29 2772 7833 5846 6864 9957 2555 6580 6437 5053 1193 7610 6252 3174 7388 1494 3684 9409 5573 4572 5061 2023 3689 7017 6569 2533 6637 8978 362 4347
28 6613 1785 8523 5529 273 6313 7016 7359 674 4289 8511 7906 8861 6665 9800 7953 5627 1654 1625 2639 8856 794 9602 809 4196 1943 8640 7654
29 493 2098 6245 108 3126 1575 5901 2637 3984 2001 5523 9127 7443 3771 2903 169 2658 7365 2753 3445 4159 5172 614 8770 7604 8981 7843 6390 8636
29 7245 7136 6600 7752 8950 8074 4278 4298 793 1007 5142 4443 2389 1701 2171 5214 9630 1346 3371 7070 3597 1699 3627 5101 6577 5215 3652 7153 2254
29 3042 3160 534 2205 1614 5436 8500 2782 1306 5071 5297 5983 1919 4825 4448 5270 9276 6877 8921 6788 9341 155 8127 6659 6833 6012 5432 4037 3399
29 0 5260 8543 227 8872 3680 2138 2644 2950 8627 7875 8047 6849 1102 5606 8362 5643 8702 2684 7083 4668 7469 9945 9523 634 7677 2444 6061 3116
0
0
0
0
0
0
0
0
0
0
0
0
0
0
0
0
0
0
0
0
0
0
0
0
0
0
0
0
0
0
0
0
0
0
0
0
0
0
0
0
0
0
0
0
0
0
0
0
0
0
0
0
0
0
0
0
0
0
0
0
0
0
0
0
0
0
0
0
0
0
0
0
0
0
0
0
0
0
0
0
0
0
0
0
0
0
0
0
0
0
0
0
0
0
0
0
0
0
0
0
0
0
0
0
0
0
0
0
0
0
0
0
0
0
0
0
0
0
0
0
0
0
0
0
0
0
0
0
0
0
0
0
0
0
0
0
0
0
0
0
0
0
0
0
0
0
0
0
0
0
0
0
0
0
0
0
0
0
0
0
0
0
0
0
0
0
0
0
0
0
0
0
0
0
0
0
0
0
0
0
0
0
0
0
0
0
0
0
0
0
0
0
0
0
0
0
0
0
0
0
0
0
0
0
0
0
0
0
0
0
0
0
0
0
0
0
0
0
0
0
0
0
0
0
0
0
0
0
0
0
0
0
0
0
0
0
0
0
0
0
0
0
0
0
0
0
0
0
0
0
0
0
0
0
0
0
0
0
0
0
0
0
0
0
0
0
0
0
0
0
0
0
0
0
0
0
0
0
0
0
0
0
0
0
0
0
0
0
0
0
0
0
0
0
0
0
0
0
0
0
0
0
0
0
0
0
0
0
0
0
0
0
0
0
0
0
0
0
0
0
0
0
0
0
0
0
0
0
0
0
0
0
0
0
0
0
0
0
0
0
0
0
0
0
0
0
0
0
0
0
